2023-10-03 18:50:36,892 - INFO - Request 1 Response: {
  "schemas" : [ "urn:scim:schemas:core:2.0:User" ],
  "id" : "234a3d98d47d4ed5be76c4b9ea00a4ec",
  "userName" : "idcsusersept301",
  "name" : {
    "familyName" : "IDCSUSERSEPT301",
    "givenName" : "IDCSUSERSEPT301"
  },
  "emails" : [ {
    "value" : "IDCSUSERSEPT301@oracle.com",
    "type" : "work"
  } ],
  "active" : true,
  "meta" : {
    "created" : "2023-10-03T13:20:32Z",
    "lastModified" : "2023-10-03T13:20:32Z",
    "location" : "https://migtenantqa1-hs-sso-stg.iams.hs.ocs.oraclecloud.com:443/scimgateway/v1/migtenantqa1/Users/234a3d98d47d4ed5be76c4b9ea00a4ec",
    "resourceType" : "User"
  }
} 
2023-10-03 18:50:36,893 - INFO - Request 1 Response Code: 200 
