2023-09-25 14:17:18,076 - INFO - Request 1 Response: {
  "schemas" : [ "urn:scim:schemas:core:2.0:BulkResponse" ],
  "Operations" : [ {
    "location" : "https://hs-identity-api-stg.oracleindustry.com:443/scim/v1/migtenantqa1/Users/399a755b0e664197a62b81268d01e76d",
    "method" : "POST",
    "bulkId" : "qwerty",
    "status" : {
      "code" : "201"
    },
    "path" : "/Users"
  } ]
} 
2023-09-25 14:17:18,077 - INFO - Request 1 Response Code: 200 
2023-09-25 14:17:18,077 - INFO - Request 2 Response: {
  "schemas" : [ "urn:scim:schemas:core:2.0:BulkResponse" ],
  "Operations" : [ {
    "location" : "https://hs-identity-api-stg.oracleindustry.com:443/scim/v1/migtenantqa1/Users/79ae8965c4c3447b827246edd36b42df",
    "method" : "POST",
    "bulkId" : "qwerty",
    "status" : {
      "code" : "201"
    },
    "path" : "/Users"
  } ]
} 
2023-09-25 14:17:18,077 - INFO - Request 2 Response Code: 200 
2023-09-25 14:17:18,077 - INFO - Request 3 Response: {
  "schemas" : [ "urn:scim:schemas:core:2.0:BulkResponse" ],
  "Operations" : [ {
    "method" : "POST",
    "bulkId" : "qwerty",
    "status" : {
      "description" : "Orchestration process with id 4046298, failed with error message null.",
      "code" : "412"
    },
    "path" : "/Users"
  } ]
} 
2023-09-25 14:17:18,077 - INFO - Request 3 Response Code: 200 
2023-09-25 14:17:18,078 - INFO - Request 4 Response: {
  "schemas" : [ "urn:scim:schemas:core:2.0:BulkResponse" ],
  "Operations" : [ {
    "method" : "POST",
    "bulkId" : "qwerty",
    "status" : {
      "description" : "Orchestration process with id 4046299, failed with error message null.",
      "code" : "412"
    },
    "path" : "/Users"
  } ]
} 
2023-09-25 14:17:18,078 - INFO - Request 4 Response Code: 200 
2023-09-25 14:17:18,078 - INFO - Request 5 Response: {
  "schemas" : [ "urn:scim:schemas:core:2.0:BulkResponse" ],
  "Operations" : [ {
    "method" : "POST",
    "bulkId" : "qwerty",
    "status" : {
      "description" : "Orchestration process with id 4046296, failed with error message null.",
      "code" : "412"
    },
    "path" : "/Users"
  } ]
} 
2023-09-25 14:17:18,078 - INFO - Request 5 Response Code: 200 
2023-09-25 14:17:18,078 - INFO - Request 6 Response: {
  "schemas" : [ "urn:scim:schemas:core:2.0:BulkResponse" ],
  "Operations" : [ {
    "method" : "POST",
    "bulkId" : "qwerty",
    "status" : {
      "description" : "Orchestration process with id 4046294, failed with error message null.",
      "code" : "412"
    },
    "path" : "/Users"
  } ]
} 
2023-09-25 14:17:18,078 - INFO - Request 6 Response Code: 200 
2023-09-25 14:17:18,078 - INFO - Request 7 Response: {
  "schemas" : [ "urn:scim:schemas:core:2.0:BulkResponse" ],
  "Operations" : [ {
    "method" : "POST",
    "bulkId" : "qwerty",
    "status" : {
      "description" : "Orchestration process with id 4046301, failed with error message null.",
      "code" : "412"
    },
    "path" : "/Users"
  } ]
} 
2023-09-25 14:17:18,078 - INFO - Request 7 Response Code: 200 
2023-09-25 14:17:18,078 - INFO - Request 8 Response: {
  "schemas" : [ "urn:scim:schemas:core:2.0:BulkResponse" ],
  "Operations" : [ {
    "method" : "POST",
    "bulkId" : "qwerty",
    "status" : {
      "description" : "Orchestration process with id 4046293, failed with error message null.",
      "code" : "412"
    },
    "path" : "/Users"
  } ]
} 
2023-09-25 14:17:18,078 - INFO - Request 8 Response Code: 200 
2023-09-25 14:17:18,078 - INFO - Request 9 Response: {
  "schemas" : [ "urn:scim:schemas:core:2.0:BulkResponse" ],
  "Operations" : [ {
    "location" : "https://hs-identity-api-stg.oracleindustry.com:443/scim/v1/migtenantqa1/Users/67fb4dd0beab40fc87a42c4f6e0a2536",
    "method" : "POST",
    "bulkId" : "qwerty",
    "status" : {
      "code" : "201"
    },
    "path" : "/Users"
  } ]
} 
2023-09-25 14:17:18,078 - INFO - Request 9 Response Code: 200 
2023-09-25 14:17:18,078 - INFO - Request 10 Response: {
  "schemas" : [ "urn:scim:schemas:core:2.0:BulkResponse" ],
  "Operations" : [ {
    "location" : "https://hs-identity-api-stg.oracleindustry.com:443/scim/v1/migtenantqa1/Users/3b631ce025494381a00ed770475237ce",
    "method" : "POST",
    "bulkId" : "qwerty",
    "status" : {
      "code" : "201"
    },
    "path" : "/Users"
  } ]
} 
2023-09-25 14:17:18,078 - INFO - Request 10 Response Code: 200 
2023-09-25 14:17:18,078 - INFO - Request 11 Response: {
  "schemas" : [ "urn:scim:schemas:core:2.0:BulkResponse" ],
  "Operations" : [ {
    "method" : "POST",
    "bulkId" : "qwerty",
    "status" : {
      "description" : "Orchestration process with id 4046295, failed with error message null.",
      "code" : "412"
    },
    "path" : "/Users"
  } ]
} 
2023-09-25 14:17:18,078 - INFO - Request 11 Response Code: 200 
2023-09-25 14:17:18,079 - INFO - Request 12 Response: {
  "schemas" : [ "urn:scim:schemas:core:2.0:BulkResponse" ],
  "Operations" : [ {
    "method" : "POST",
    "bulkId" : "qwerty",
    "status" : {
      "description" : "Orchestration process with id 4046303, failed with error message null.",
      "code" : "412"
    },
    "path" : "/Users"
  } ]
} 
2023-09-25 14:17:18,079 - INFO - Request 12 Response Code: 200 
2023-09-25 14:17:18,079 - INFO - Request 13 Response: {
  "schemas" : [ "urn:scim:schemas:core:2.0:BulkResponse" ],
  "Operations" : [ {
    "method" : "POST",
    "bulkId" : "qwerty",
    "status" : {
      "description" : "Orchestration process with id 4046307, failed with error message null.",
      "code" : "412"
    },
    "path" : "/Users"
  } ]
} 
2023-09-25 14:17:18,079 - INFO - Request 13 Response Code: 200 
2023-09-25 14:17:18,079 - INFO - Request 14 Response: {
  "schemas" : [ "urn:scim:schemas:core:2.0:BulkResponse" ],
  "Operations" : [ {
    "method" : "POST",
    "bulkId" : "qwerty",
    "status" : {
      "description" : "Orchestration process with id 4046308, failed with error message null.",
      "code" : "412"
    },
    "path" : "/Users"
  } ]
} 
2023-09-25 14:17:18,079 - INFO - Request 14 Response Code: 200 
2023-09-25 14:17:18,079 - INFO - Request 15 Response: {
  "schemas" : [ "urn:scim:schemas:core:2.0:BulkResponse" ],
  "Operations" : [ {
    "method" : "POST",
    "bulkId" : "qwerty",
    "status" : {
      "description" : "Orchestration process with id 4046311, failed with error message null.",
      "code" : "412"
    },
    "path" : "/Users"
  } ]
} 
2023-09-25 14:17:18,079 - INFO - Request 15 Response Code: 200 
2023-09-25 14:17:18,079 - INFO - Request 16 Response: {
  "schemas" : [ "urn:scim:schemas:core:2.0:BulkResponse" ],
  "Operations" : [ {
    "method" : "POST",
    "bulkId" : "qwerty",
    "status" : {
      "description" : "Orchestration process with id 4046313, failed with error message null.",
      "code" : "412"
    },
    "path" : "/Users"
  } ]
} 
2023-09-25 14:17:18,079 - INFO - Request 16 Response Code: 200 
2023-09-25 14:17:18,079 - INFO - Request 17 Response: {
  "schemas" : [ "urn:scim:schemas:core:2.0:BulkResponse" ],
  "Operations" : [ {
    "location" : "https://hs-identity-api-stg.oracleindustry.com:443/scim/v1/migtenantqa1/Users/720cbc71afe74483acd185aaf66a1ddd",
    "method" : "POST",
    "bulkId" : "qwerty",
    "status" : {
      "code" : "201"
    },
    "path" : "/Users"
  } ]
} 
2023-09-25 14:17:18,079 - INFO - Request 17 Response Code: 200 
2023-09-25 14:17:18,079 - INFO - Request 18 Response: {
  "schemas" : [ "urn:scim:schemas:core:2.0:BulkResponse" ],
  "Operations" : [ {
    "location" : "https://hs-identity-api-stg.oracleindustry.com:443/scim/v1/migtenantqa1/Users/8235216690df4bb1a05b9901216d9d65",
    "method" : "POST",
    "bulkId" : "qwerty",
    "status" : {
      "code" : "201"
    },
    "path" : "/Users"
  } ]
} 
2023-09-25 14:17:18,079 - INFO - Request 18 Response Code: 200 
2023-09-25 14:17:18,079 - INFO - Request 19 Response: {
  "schemas" : [ "urn:scim:schemas:core:2.0:BulkResponse" ],
  "Operations" : [ {
    "method" : "POST",
    "bulkId" : "qwerty",
    "status" : {
      "description" : "Orchestration process with id 4046310, failed with error message null.",
      "code" : "412"
    },
    "path" : "/Users"
  } ]
} 
2023-09-25 14:17:18,079 - INFO - Request 19 Response Code: 200 
2023-09-25 14:17:18,079 - INFO - Request 20 Response: {
  "schemas" : [ "urn:scim:schemas:core:2.0:BulkResponse" ],
  "Operations" : [ {
    "location" : "https://hs-identity-api-stg.oracleindustry.com:443/scim/v1/migtenantqa1/Users/a88a01ac79c1405b82e87dbaf21da55a",
    "method" : "POST",
    "bulkId" : "qwerty",
    "status" : {
      "code" : "201"
    },
    "path" : "/Users"
  } ]
} 
2023-09-25 14:17:18,080 - INFO - Request 20 Response Code: 200 
2023-09-25 14:17:18,080 - INFO - Request 21 Response: {
  "schemas" : [ "urn:scim:schemas:core:2.0:BulkResponse" ],
  "Operations" : [ {
    "method" : "POST",
    "bulkId" : "qwerty",
    "status" : {
      "description" : "Orchestration process with id 4046315, failed with error message null.",
      "code" : "412"
    },
    "path" : "/Users"
  } ]
} 
2023-09-25 14:17:18,080 - INFO - Request 21 Response Code: 200 
2023-09-25 14:17:18,080 - INFO - Request 22 Response: {
  "schemas" : [ "urn:scim:schemas:core:2.0:BulkResponse" ],
  "Operations" : [ {
    "method" : "POST",
    "bulkId" : "qwerty",
    "status" : {
      "description" : "Orchestration process with id 4046314, failed with error message null.",
      "code" : "412"
    },
    "path" : "/Users"
  } ]
} 
2023-09-25 14:17:18,080 - INFO - Request 22 Response Code: 200 
2023-09-25 14:17:18,080 - INFO - Request 23 Response: {
  "schemas" : [ "urn:scim:schemas:core:2.0:BulkResponse" ],
  "Operations" : [ {
    "location" : "https://hs-identity-api-stg.oracleindustry.com:443/scim/v1/migtenantqa1/Users/76ccec8962a944dd9cb9b4aedb5c5711",
    "method" : "POST",
    "bulkId" : "qwerty",
    "status" : {
      "code" : "201"
    },
    "path" : "/Users"
  } ]
} 
2023-09-25 14:17:18,080 - INFO - Request 23 Response Code: 200 
2023-09-25 14:17:18,080 - INFO - Request 24 Response: {
  "schemas" : [ "urn:scim:schemas:core:2.0:BulkResponse" ],
  "Operations" : [ {
    "location" : "https://hs-identity-api-stg.oracleindustry.com:443/scim/v1/migtenantqa1/Users/cac850e3baf4463ca6e8862554ab8d78",
    "method" : "POST",
    "bulkId" : "qwerty",
    "status" : {
      "code" : "201"
    },
    "path" : "/Users"
  } ]
} 
2023-09-25 14:17:18,080 - INFO - Request 24 Response Code: 200 
2023-09-25 14:17:18,080 - INFO - Request 25 Response: {
  "schemas" : [ "urn:scim:schemas:core:2.0:BulkResponse" ],
  "Operations" : [ {
    "location" : "https://hs-identity-api-stg.oracleindustry.com:443/scim/v1/migtenantqa1/Users/5da47b6bc734463c90ff5007c56bd7e9",
    "method" : "POST",
    "bulkId" : "qwerty",
    "status" : {
      "code" : "201"
    },
    "path" : "/Users"
  } ]
} 
2023-09-25 14:17:18,080 - INFO - Request 25 Response Code: 200 
2023-09-25 14:17:18,080 - INFO - Request 26 Response: {
  "schemas" : [ "urn:scim:schemas:core:2.0:BulkResponse" ],
  "Operations" : [ {
    "location" : "https://hs-identity-api-stg.oracleindustry.com:443/scim/v1/migtenantqa1/Users/9bded4350cf84ab3a834a6a3aa40ab51",
    "method" : "POST",
    "bulkId" : "qwerty",
    "status" : {
      "code" : "201"
    },
    "path" : "/Users"
  } ]
} 
2023-09-25 14:17:18,080 - INFO - Request 26 Response Code: 200 
2023-09-25 14:17:18,080 - INFO - Request 27 Response: {
  "schemas" : [ "urn:scim:schemas:core:2.0:BulkResponse" ],
  "Operations" : [ {
    "method" : "POST",
    "bulkId" : "qwerty",
    "status" : {
      "description" : "Orchestration process with id 4046322, failed with error message null.",
      "code" : "412"
    },
    "path" : "/Users"
  } ]
} 
2023-09-25 14:17:18,080 - INFO - Request 27 Response Code: 200 
2023-09-25 14:17:18,081 - INFO - Request 28 Response: {
  "schemas" : [ "urn:scim:schemas:core:2.0:BulkResponse" ],
  "Operations" : [ {
    "location" : "https://hs-identity-api-stg.oracleindustry.com:443/scim/v1/migtenantqa1/Users/ff2244744b5d4892b3c8a8974b66abb2",
    "method" : "POST",
    "bulkId" : "qwerty",
    "status" : {
      "code" : "201"
    },
    "path" : "/Users"
  } ]
} 
2023-09-25 14:17:18,081 - INFO - Request 28 Response Code: 200 
2023-09-25 14:17:18,081 - INFO - Request 29 Response: {
  "schemas" : [ "urn:scim:schemas:core:2.0:BulkResponse" ],
  "Operations" : [ {
    "method" : "POST",
    "bulkId" : "qwerty",
    "status" : {
      "description" : "Orchestration process with id 4046321, failed with error message null.",
      "code" : "412"
    },
    "path" : "/Users"
  } ]
} 
2023-09-25 14:17:18,081 - INFO - Request 29 Response Code: 200 
2023-09-25 14:17:18,081 - INFO - Request 30 Response: {
  "schemas" : [ "urn:scim:schemas:core:2.0:BulkResponse" ],
  "Operations" : [ {
    "location" : "https://hs-identity-api-stg.oracleindustry.com:443/scim/v1/migtenantqa1/Users/91faeaa84ab44196922a560987bd1a45",
    "method" : "POST",
    "bulkId" : "qwerty",
    "status" : {
      "code" : "201"
    },
    "path" : "/Users"
  } ]
} 
2023-09-25 14:17:18,081 - INFO - Request 30 Response Code: 200 
2023-09-25 14:17:18,081 - INFO - Request 31 Response: {
  "schemas" : [ "urn:scim:schemas:core:2.0:BulkResponse" ],
  "Operations" : [ {
    "location" : "https://hs-identity-api-stg.oracleindustry.com:443/scim/v1/migtenantqa1/Users/38e880ce498f46ddaf072a9a112988e9",
    "method" : "POST",
    "bulkId" : "qwerty",
    "status" : {
      "code" : "201"
    },
    "path" : "/Users"
  } ]
} 
2023-09-25 14:17:18,081 - INFO - Request 31 Response Code: 200 
2023-09-25 14:17:18,081 - INFO - Request 32 Response: {
  "schemas" : [ "urn:scim:schemas:core:2.0:BulkResponse" ],
  "Operations" : [ {
    "method" : "POST",
    "bulkId" : "qwerty",
    "status" : {
      "description" : "Orchestration process with id 4046324, failed with error message null.",
      "code" : "412"
    },
    "path" : "/Users"
  } ]
} 
2023-09-25 14:17:18,081 - INFO - Request 32 Response Code: 200 
2023-09-25 14:17:18,081 - INFO - Request 33 Response: {
  "schemas" : [ "urn:scim:schemas:core:2.0:BulkResponse" ],
  "Operations" : [ {
    "method" : "POST",
    "bulkId" : "qwerty",
    "status" : {
      "description" : "Orchestration process with id 4046326, failed with error message null.",
      "code" : "412"
    },
    "path" : "/Users"
  } ]
} 
2023-09-25 14:17:18,081 - INFO - Request 33 Response Code: 200 
2023-09-25 14:17:18,081 - INFO - Request 34 Response: {
  "schemas" : [ "urn:scim:schemas:core:2.0:BulkResponse" ],
  "Operations" : [ {
    "method" : "POST",
    "bulkId" : "qwerty",
    "status" : {
      "description" : "Orchestration process with id 4046327, failed with error message null.",
      "code" : "412"
    },
    "path" : "/Users"
  } ]
} 
2023-09-25 14:17:18,081 - INFO - Request 34 Response Code: 200 
2023-09-25 14:17:18,081 - INFO - Request 35 Response: {
  "schemas" : [ "urn:scim:schemas:core:2.0:BulkResponse" ],
  "Operations" : [ {
    "location" : "https://hs-identity-api-stg.oracleindustry.com:443/scim/v1/migtenantqa1/Users/7da3d063501147ff9ab5cf7dba7629d9",
    "method" : "POST",
    "bulkId" : "qwerty",
    "status" : {
      "code" : "201"
    },
    "path" : "/Users"
  } ]
} 
2023-09-25 14:17:18,081 - INFO - Request 35 Response Code: 200 
2023-09-25 14:17:18,082 - INFO - Request 36 Response: {
  "schemas" : [ "urn:scim:schemas:core:2.0:BulkResponse" ],
  "Operations" : [ {
    "location" : "https://hs-identity-api-stg.oracleindustry.com:443/scim/v1/migtenantqa1/Users/760a87ad37384475a78cfbab455f210c",
    "method" : "POST",
    "bulkId" : "qwerty",
    "status" : {
      "code" : "201"
    },
    "path" : "/Users"
  } ]
} 
2023-09-25 14:17:18,082 - INFO - Request 36 Response Code: 200 
2023-09-25 14:17:18,082 - INFO - Request 37 Response: {
  "schemas" : [ "urn:scim:schemas:core:2.0:BulkResponse" ],
  "Operations" : [ {
    "location" : "https://hs-identity-api-stg.oracleindustry.com:443/scim/v1/migtenantqa1/Users/e3f3f766b0004618a95b6b152f6bc0a7",
    "method" : "POST",
    "bulkId" : "qwerty",
    "status" : {
      "code" : "201"
    },
    "path" : "/Users"
  } ]
} 
2023-09-25 14:17:18,082 - INFO - Request 37 Response Code: 200 
2023-09-25 14:17:18,082 - INFO - Request 38 Response: {
  "schemas" : [ "urn:scim:schemas:core:2.0:BulkResponse" ],
  "Operations" : [ {
    "method" : "POST",
    "bulkId" : "qwerty",
    "status" : {
      "description" : "Orchestration process with id 4046333, failed with error message null.",
      "code" : "412"
    },
    "path" : "/Users"
  } ]
} 
2023-09-25 14:17:18,082 - INFO - Request 38 Response Code: 200 
2023-09-25 14:17:18,082 - INFO - Request 39 Response: {
  "schemas" : [ "urn:scim:schemas:core:2.0:BulkResponse" ],
  "Operations" : [ {
    "location" : "https://hs-identity-api-stg.oracleindustry.com:443/scim/v1/migtenantqa1/Users/b5405a1e36014b25846373a4c674d3f2",
    "method" : "POST",
    "bulkId" : "qwerty",
    "status" : {
      "code" : "201"
    },
    "path" : "/Users"
  } ]
} 
2023-09-25 14:17:18,082 - INFO - Request 39 Response Code: 200 
2023-09-25 14:17:18,082 - INFO - Request 40 Response: {
  "schemas" : [ "urn:scim:schemas:core:2.0:BulkResponse" ],
  "Operations" : [ {
    "method" : "POST",
    "bulkId" : "qwerty",
    "status" : {
      "description" : "Orchestration process with id 4046335, failed with error message null.",
      "code" : "412"
    },
    "path" : "/Users"
  } ]
} 
2023-09-25 14:17:18,082 - INFO - Request 40 Response Code: 200 
2023-09-25 14:17:18,082 - INFO - Request 41 Response: {
  "schemas" : [ "urn:scim:schemas:core:2.0:BulkResponse" ],
  "Operations" : [ {
    "method" : "POST",
    "bulkId" : "qwerty",
    "status" : {
      "description" : "Orchestration process with id 4046337, failed with error message null.",
      "code" : "412"
    },
    "path" : "/Users"
  } ]
} 
2023-09-25 14:17:18,082 - INFO - Request 41 Response Code: 200 
2023-09-25 14:17:18,082 - INFO - Request 42 Response: {
  "schemas" : [ "urn:scim:schemas:core:2.0:BulkResponse" ],
  "Operations" : [ {
    "location" : "https://hs-identity-api-stg.oracleindustry.com:443/scim/v1/migtenantqa1/Users/6ba038332c7249e1835324d130567170",
    "method" : "POST",
    "bulkId" : "qwerty",
    "status" : {
      "code" : "201"
    },
    "path" : "/Users"
  } ]
} 
2023-09-25 14:17:18,082 - INFO - Request 42 Response Code: 200 
2023-09-25 14:17:18,082 - INFO - Request 43 Response: {
  "schemas" : [ "urn:scim:schemas:core:2.0:BulkResponse" ],
  "Operations" : [ {
    "method" : "POST",
    "bulkId" : "qwerty",
    "status" : {
      "description" : "Orchestration process with id 4046338, failed with error message null.",
      "code" : "412"
    },
    "path" : "/Users"
  } ]
} 
2023-09-25 14:17:18,082 - INFO - Request 43 Response Code: 200 
2023-09-25 14:17:18,082 - INFO - Request 44 Response: {
  "schemas" : [ "urn:scim:schemas:core:2.0:BulkResponse" ],
  "Operations" : [ {
    "method" : "POST",
    "bulkId" : "qwerty",
    "status" : {
      "description" : "Orchestration process with id 4046340, failed with error message null.",
      "code" : "412"
    },
    "path" : "/Users"
  } ]
} 
2023-09-25 14:17:18,083 - INFO - Request 44 Response Code: 200 
2023-09-25 14:17:18,083 - INFO - Request 45 Response: {
  "schemas" : [ "urn:scim:schemas:core:2.0:BulkResponse" ],
  "Operations" : [ {
    "location" : "https://hs-identity-api-stg.oracleindustry.com:443/scim/v1/migtenantqa1/Users/e976f8a268c54cb5947485c2a48ea5b7",
    "method" : "POST",
    "bulkId" : "qwerty",
    "status" : {
      "code" : "201"
    },
    "path" : "/Users"
  } ]
} 
2023-09-25 14:17:18,083 - INFO - Request 45 Response Code: 200 
2023-09-25 14:17:18,083 - INFO - Request 46 Response: {
  "schemas" : [ "urn:scim:schemas:core:2.0:BulkResponse" ],
  "Operations" : [ {
    "method" : "POST",
    "bulkId" : "qwerty",
    "status" : {
      "description" : "Orchestration process with id 4046341, failed with error message null.",
      "code" : "412"
    },
    "path" : "/Users"
  } ]
} 
2023-09-25 14:17:18,083 - INFO - Request 46 Response Code: 200 
2023-09-25 14:17:18,083 - INFO - Request 47 Response: {
  "schemas" : [ "urn:scim:schemas:core:2.0:BulkResponse" ],
  "Operations" : [ {
    "location" : "https://hs-identity-api-stg.oracleindustry.com:443/scim/v1/migtenantqa1/Users/337e31e735484d02ae2bb95ce8e421b5",
    "method" : "POST",
    "bulkId" : "qwerty",
    "status" : {
      "code" : "201"
    },
    "path" : "/Users"
  } ]
} 
2023-09-25 14:17:18,083 - INFO - Request 47 Response Code: 200 
2023-09-25 14:17:18,083 - INFO - Request 48 Response: {
  "schemas" : [ "urn:scim:schemas:core:2.0:BulkResponse" ],
  "Operations" : [ {
    "location" : "https://hs-identity-api-stg.oracleindustry.com:443/scim/v1/migtenantqa1/Users/23148532986b4209a6213b82a0a3a105",
    "method" : "POST",
    "bulkId" : "qwerty",
    "status" : {
      "code" : "201"
    },
    "path" : "/Users"
  } ]
} 
2023-09-25 14:17:18,083 - INFO - Request 48 Response Code: 200 
2023-09-25 14:17:18,083 - INFO - Request 49 Response: {
  "schemas" : [ "urn:scim:schemas:core:2.0:BulkResponse" ],
  "Operations" : [ {
    "location" : "https://hs-identity-api-stg.oracleindustry.com:443/scim/v1/migtenantqa1/Users/9bad9e8af2d14283b7c07a926afe03e9",
    "method" : "POST",
    "bulkId" : "qwerty",
    "status" : {
      "code" : "201"
    },
    "path" : "/Users"
  } ]
} 
2023-09-25 14:17:18,083 - INFO - Request 49 Response Code: 200 
2023-09-25 14:17:18,083 - INFO - Request 50 Response: {
  "schemas" : [ "urn:scim:schemas:core:2.0:BulkResponse" ],
  "Operations" : [ {
    "method" : "POST",
    "bulkId" : "qwerty",
    "status" : {
      "description" : "Orchestration process with id 4046345, failed with error message null.",
      "code" : "412"
    },
    "path" : "/Users"
  } ]
} 
2023-09-25 14:17:18,083 - INFO - Request 50 Response Code: 200 
2023-09-25 14:17:18,083 - INFO - Request 51 Response: {
  "schemas" : [ "urn:scim:schemas:core:2.0:BulkResponse" ],
  "Operations" : [ {
    "method" : "POST",
    "bulkId" : "qwerty",
    "status" : {
      "description" : "Orchestration process with id 4046346, failed with error message null.",
      "code" : "412"
    },
    "path" : "/Users"
  } ]
} 
2023-09-25 14:17:18,083 - INFO - Request 51 Response Code: 200 
2023-09-25 14:17:18,083 - INFO - Request 52 Response: {
  "schemas" : [ "urn:scim:schemas:core:2.0:BulkResponse" ],
  "Operations" : [ {
    "location" : "https://hs-identity-api-stg.oracleindustry.com:443/scim/v1/migtenantqa1/Users/a3185968a6d947e1a7c651ddf2d5c55e",
    "method" : "POST",
    "bulkId" : "qwerty",
    "status" : {
      "code" : "201"
    },
    "path" : "/Users"
  } ]
} 
2023-09-25 14:17:18,083 - INFO - Request 52 Response Code: 200 
2023-09-25 14:17:18,083 - INFO - Request 53 Response: {
  "schemas" : [ "urn:scim:schemas:core:2.0:BulkResponse" ],
  "Operations" : [ {
    "method" : "POST",
    "bulkId" : "qwerty",
    "status" : {
      "description" : "Orchestration process with id 4046348, failed with error message null.",
      "code" : "412"
    },
    "path" : "/Users"
  } ]
} 
2023-09-25 14:17:18,083 - INFO - Request 53 Response Code: 200 
2023-09-25 14:17:18,083 - INFO - Request 54 Response: {
  "schemas" : [ "urn:scim:schemas:core:2.0:BulkResponse" ],
  "Operations" : [ {
    "method" : "POST",
    "bulkId" : "qwerty",
    "status" : {
      "description" : "Orchestration process with id 4046350, failed with error message null.",
      "code" : "412"
    },
    "path" : "/Users"
  } ]
} 
2023-09-25 14:17:18,083 - INFO - Request 54 Response Code: 200 
2023-09-25 14:17:18,083 - INFO - Request 55 Response: {
  "schemas" : [ "urn:scim:schemas:core:2.0:BulkResponse" ],
  "Operations" : [ {
    "location" : "https://hs-identity-api-stg.oracleindustry.com:443/scim/v1/migtenantqa1/Users/00035534528544b282a04a050e39084e",
    "method" : "POST",
    "bulkId" : "qwerty",
    "status" : {
      "code" : "201"
    },
    "path" : "/Users"
  } ]
} 
2023-09-25 14:17:18,083 - INFO - Request 55 Response Code: 200 
2023-09-25 14:17:18,083 - INFO - Request 56 Response: {
  "schemas" : [ "urn:scim:schemas:core:2.0:BulkResponse" ],
  "Operations" : [ {
    "location" : "https://hs-identity-api-stg.oracleindustry.com:443/scim/v1/migtenantqa1/Users/38397a2216234b3ea6d13d199393ad8d",
    "method" : "POST",
    "bulkId" : "qwerty",
    "status" : {
      "code" : "201"
    },
    "path" : "/Users"
  } ]
} 
2023-09-25 14:17:18,084 - INFO - Request 56 Response Code: 200 
2023-09-25 14:17:18,084 - INFO - Request 57 Response: {
  "schemas" : [ "urn:scim:schemas:core:2.0:BulkResponse" ],
  "Operations" : [ {
    "method" : "POST",
    "bulkId" : "qwerty",
    "status" : {
      "description" : "Orchestration process with id 4046351, failed with error message null.",
      "code" : "412"
    },
    "path" : "/Users"
  } ]
} 
2023-09-25 14:17:18,084 - INFO - Request 57 Response Code: 200 
2023-09-25 14:17:18,084 - INFO - Request 58 Response: {
  "schemas" : [ "urn:scim:schemas:core:2.0:BulkResponse" ],
  "Operations" : [ {
    "method" : "POST",
    "bulkId" : "qwerty",
    "status" : {
      "description" : "Orchestration process with id 4046354, failed with error message null.",
      "code" : "412"
    },
    "path" : "/Users"
  } ]
} 
2023-09-25 14:17:18,084 - INFO - Request 58 Response Code: 200 
2023-09-25 14:17:18,084 - INFO - Request 59 Response: {
  "schemas" : [ "urn:scim:schemas:core:2.0:BulkResponse" ],
  "Operations" : [ {
    "method" : "POST",
    "bulkId" : "qwerty",
    "status" : {
      "description" : "Orchestration process with id 4046353, failed with error message null.",
      "code" : "412"
    },
    "path" : "/Users"
  } ]
} 
2023-09-25 14:17:18,084 - INFO - Request 59 Response Code: 200 
2023-09-25 14:17:18,084 - INFO - Request 60 Response: {
  "schemas" : [ "urn:scim:schemas:core:2.0:BulkResponse" ],
  "Operations" : [ {
    "location" : "https://hs-identity-api-stg.oracleindustry.com:443/scim/v1/migtenantqa1/Users/683d3e1917a8473db41161ea0b7be149",
    "method" : "POST",
    "bulkId" : "qwerty",
    "status" : {
      "code" : "201"
    },
    "path" : "/Users"
  } ]
} 
2023-09-25 14:17:18,084 - INFO - Request 60 Response Code: 200 
2023-09-25 14:17:18,084 - INFO - Request 61 Response: {
  "schemas" : [ "urn:scim:schemas:core:2.0:BulkResponse" ],
  "Operations" : [ {
    "method" : "POST",
    "bulkId" : "qwerty",
    "status" : {
      "description" : "Orchestration process with id 4046357, failed with error message null.",
      "code" : "412"
    },
    "path" : "/Users"
  } ]
} 
2023-09-25 14:17:18,084 - INFO - Request 61 Response Code: 200 
2023-09-25 14:17:18,084 - INFO - Request 62 Response: {
  "schemas" : [ "urn:scim:schemas:core:2.0:BulkResponse" ],
  "Operations" : [ {
    "location" : "https://hs-identity-api-stg.oracleindustry.com:443/scim/v1/migtenantqa1/Users/65356b58e9c04669969bc48549b5e11a",
    "method" : "POST",
    "bulkId" : "qwerty",
    "status" : {
      "code" : "201"
    },
    "path" : "/Users"
  } ]
} 
2023-09-25 14:17:18,084 - INFO - Request 62 Response Code: 200 
2023-09-25 14:17:18,084 - INFO - Request 63 Response: {
  "schemas" : [ "urn:scim:schemas:core:2.0:BulkResponse" ],
  "Operations" : [ {
    "method" : "POST",
    "bulkId" : "qwerty",
    "status" : {
      "description" : "Orchestration process with id 4046359, failed with error message null.",
      "code" : "412"
    },
    "path" : "/Users"
  } ]
} 
2023-09-25 14:17:18,084 - INFO - Request 63 Response Code: 200 
2023-09-25 14:17:18,084 - INFO - Request 64 Response: {
  "schemas" : [ "urn:scim:schemas:core:2.0:BulkResponse" ],
  "Operations" : [ {
    "method" : "POST",
    "bulkId" : "qwerty",
    "status" : {
      "description" : "Orchestration process with id 4046358, failed with error message null.",
      "code" : "412"
    },
    "path" : "/Users"
  } ]
} 
2023-09-25 14:17:18,084 - INFO - Request 64 Response Code: 200 
2023-09-25 14:17:18,084 - INFO - Request 65 Response: {
  "schemas" : [ "urn:scim:schemas:core:2.0:BulkResponse" ],
  "Operations" : [ {
    "method" : "POST",
    "bulkId" : "qwerty",
    "status" : {
      "description" : "Orchestration process with id 4046365, failed with error message null.",
      "code" : "412"
    },
    "path" : "/Users"
  } ]
} 
2023-09-25 14:17:18,084 - INFO - Request 65 Response Code: 200 
2023-09-25 14:17:18,084 - INFO - Request 66 Response: {
  "schemas" : [ "urn:scim:schemas:core:2.0:BulkResponse" ],
  "Operations" : [ {
    "method" : "POST",
    "bulkId" : "qwerty",
    "status" : {
      "description" : "Orchestration process with id 4046361, failed with error message null.",
      "code" : "412"
    },
    "path" : "/Users"
  } ]
} 
2023-09-25 14:17:18,085 - INFO - Request 66 Response Code: 200 
2023-09-25 14:17:18,085 - INFO - Request 67 Response: {
  "schemas" : [ "urn:scim:schemas:core:2.0:BulkResponse" ],
  "Operations" : [ {
    "location" : "https://hs-identity-api-stg.oracleindustry.com:443/scim/v1/migtenantqa1/Users/943726c0f9ec4c8a94f8a3e148921025",
    "method" : "POST",
    "bulkId" : "qwerty",
    "status" : {
      "code" : "201"
    },
    "path" : "/Users"
  } ]
} 
2023-09-25 14:17:18,085 - INFO - Request 67 Response Code: 200 
2023-09-25 14:17:18,085 - INFO - Request 68 Response: {
  "schemas" : [ "urn:scim:schemas:core:2.0:BulkResponse" ],
  "Operations" : [ {
    "location" : "https://hs-identity-api-stg.oracleindustry.com:443/scim/v1/migtenantqa1/Users/33f1538e43494192b651639b7c42b8bb",
    "method" : "POST",
    "bulkId" : "qwerty",
    "status" : {
      "code" : "201"
    },
    "path" : "/Users"
  } ]
} 
2023-09-25 14:17:18,085 - INFO - Request 68 Response Code: 200 
2023-09-25 14:17:18,085 - INFO - Request 69 Response: {
  "schemas" : [ "urn:scim:schemas:core:2.0:BulkResponse" ],
  "Operations" : [ {
    "method" : "POST",
    "bulkId" : "qwerty",
    "status" : {
      "description" : "Orchestration process with id 4046364, failed with error message null.",
      "code" : "412"
    },
    "path" : "/Users"
  } ]
} 
2023-09-25 14:17:18,085 - INFO - Request 69 Response Code: 200 
2023-09-25 14:17:18,085 - INFO - Request 70 Response: {
  "schemas" : [ "urn:scim:schemas:core:2.0:BulkResponse" ],
  "Operations" : [ {
    "method" : "POST",
    "bulkId" : "qwerty",
    "status" : {
      "description" : "Orchestration process with id 4046362, failed with error message null.",
      "code" : "412"
    },
    "path" : "/Users"
  } ]
} 
2023-09-25 14:17:18,085 - INFO - Request 70 Response Code: 200 
2023-09-25 14:17:18,085 - INFO - Request 71 Response: {
  "schemas" : [ "urn:scim:schemas:core:2.0:BulkResponse" ],
  "Operations" : [ {
    "location" : "https://hs-identity-api-stg.oracleindustry.com:443/scim/v1/migtenantqa1/Users/c64bc82770a8457c951557d2557058d2",
    "method" : "POST",
    "bulkId" : "qwerty",
    "status" : {
      "code" : "201"
    },
    "path" : "/Users"
  } ]
} 
2023-09-25 14:17:18,085 - INFO - Request 71 Response Code: 200 
2023-09-25 14:17:18,085 - INFO - Request 72 Response: {
  "schemas" : [ "urn:scim:schemas:core:2.0:BulkResponse" ],
  "Operations" : [ {
    "location" : "https://hs-identity-api-stg.oracleindustry.com:443/scim/v1/migtenantqa1/Users/a988577986f842078c64d3953153dbe9",
    "method" : "POST",
    "bulkId" : "qwerty",
    "status" : {
      "code" : "201"
    },
    "path" : "/Users"
  } ]
} 
2023-09-25 14:17:18,085 - INFO - Request 72 Response Code: 200 
2023-09-25 14:17:18,085 - INFO - Request 73 Response: {
  "schemas" : [ "urn:scim:schemas:core:2.0:BulkResponse" ],
  "Operations" : [ {
    "method" : "POST",
    "bulkId" : "qwerty",
    "status" : {
      "description" : "Orchestration process with id 4046375, failed with error message null.",
      "code" : "412"
    },
    "path" : "/Users"
  } ]
} 
2023-09-25 14:17:18,085 - INFO - Request 73 Response Code: 200 
2023-09-25 14:17:18,085 - INFO - Request 74 Response: {
  "schemas" : [ "urn:scim:schemas:core:2.0:BulkResponse" ],
  "Operations" : [ {
    "method" : "POST",
    "bulkId" : "qwerty",
    "status" : {
      "description" : "Orchestration process with id 4046372, failed with error message null.",
      "code" : "412"
    },
    "path" : "/Users"
  } ]
} 
2023-09-25 14:17:18,085 - INFO - Request 74 Response Code: 200 
2023-09-25 14:17:18,085 - INFO - Request 75 Response: {
  "schemas" : [ "urn:scim:schemas:core:2.0:BulkResponse" ],
  "Operations" : [ {
    "method" : "POST",
    "bulkId" : "qwerty",
    "status" : {
      "description" : "Orchestration process with id 4046374, failed with error message null.",
      "code" : "412"
    },
    "path" : "/Users"
  } ]
} 
2023-09-25 14:17:18,085 - INFO - Request 75 Response Code: 200 
2023-09-25 14:17:18,085 - INFO - Request 76 Response: {
  "schemas" : [ "urn:scim:schemas:core:2.0:BulkResponse" ],
  "Operations" : [ {
    "location" : "https://hs-identity-api-stg.oracleindustry.com:443/scim/v1/migtenantqa1/Users/77775b8a492d42b49c91e7660949b43f",
    "method" : "POST",
    "bulkId" : "qwerty",
    "status" : {
      "code" : "201"
    },
    "path" : "/Users"
  } ]
} 
2023-09-25 14:17:18,085 - INFO - Request 76 Response Code: 200 
2023-09-25 14:17:18,086 - INFO - Request 77 Response: {
  "schemas" : [ "urn:scim:schemas:core:2.0:BulkResponse" ],
  "Operations" : [ {
    "location" : "https://hs-identity-api-stg.oracleindustry.com:443/scim/v1/migtenantqa1/Users/1de110e077344ea996c9d8f9351e565a",
    "method" : "POST",
    "bulkId" : "qwerty",
    "status" : {
      "code" : "201"
    },
    "path" : "/Users"
  } ]
} 
2023-09-25 14:17:18,086 - INFO - Request 77 Response Code: 200 
2023-09-25 14:17:18,086 - INFO - Request 78 Response: {
  "schemas" : [ "urn:scim:schemas:core:2.0:BulkResponse" ],
  "Operations" : [ {
    "method" : "POST",
    "bulkId" : "qwerty",
    "status" : {
      "description" : "Orchestration process with id 4046377, failed with error message null.",
      "code" : "412"
    },
    "path" : "/Users"
  } ]
} 
2023-09-25 14:17:18,086 - INFO - Request 78 Response Code: 200 
2023-09-25 14:17:18,086 - INFO - Request 79 Response: {
  "schemas" : [ "urn:scim:schemas:core:2.0:BulkResponse" ],
  "Operations" : [ {
    "method" : "POST",
    "bulkId" : "qwerty",
    "status" : {
      "description" : "Orchestration process with id 4046380, failed with error message null.",
      "code" : "412"
    },
    "path" : "/Users"
  } ]
} 
2023-09-25 14:17:18,086 - INFO - Request 79 Response Code: 200 
2023-09-25 14:17:18,086 - INFO - Request 80 Response: {
  "schemas" : [ "urn:scim:schemas:core:2.0:BulkResponse" ],
  "Operations" : [ {
    "method" : "POST",
    "bulkId" : "qwerty",
    "status" : {
      "description" : "Orchestration process with id 4046381, failed with error message null.",
      "code" : "412"
    },
    "path" : "/Users"
  } ]
} 
2023-09-25 14:17:18,086 - INFO - Request 80 Response Code: 200 
2023-09-25 14:17:18,086 - INFO - Request 81 Response: {
  "schemas" : [ "urn:scim:schemas:core:2.0:BulkResponse" ],
  "Operations" : [ {
    "method" : "POST",
    "bulkId" : "qwerty",
    "status" : {
      "description" : "Orchestration process with id 4046379, failed with error message null.",
      "code" : "412"
    },
    "path" : "/Users"
  } ]
} 
2023-09-25 14:17:18,086 - INFO - Request 81 Response Code: 200 
2023-09-25 14:17:18,086 - INFO - Request 82 Response: {
  "schemas" : [ "urn:scim:schemas:core:2.0:BulkResponse" ],
  "Operations" : [ {
    "location" : "https://hs-identity-api-stg.oracleindustry.com:443/scim/v1/migtenantqa1/Users/dbb8bd9f49e7483697b8fd2ab98eedd1",
    "method" : "POST",
    "bulkId" : "qwerty",
    "status" : {
      "code" : "201"
    },
    "path" : "/Users"
  } ]
} 
2023-09-25 14:17:18,086 - INFO - Request 82 Response Code: 200 
2023-09-25 14:17:18,086 - INFO - Request 83 Response: {
  "schemas" : [ "urn:scim:schemas:core:2.0:BulkResponse" ],
  "Operations" : [ {
    "location" : "https://hs-identity-api-stg.oracleindustry.com:443/scim/v1/migtenantqa1/Users/b3ee7a5b5b884ff8851f7f1dbc8d67b0",
    "method" : "POST",
    "bulkId" : "qwerty",
    "status" : {
      "code" : "201"
    },
    "path" : "/Users"
  } ]
} 
2023-09-25 14:17:18,086 - INFO - Request 83 Response Code: 200 
2023-09-25 14:17:18,086 - INFO - Request 84 Response: {
  "schemas" : [ "urn:scim:schemas:core:2.0:BulkResponse" ],
  "Operations" : [ {
    "location" : "https://hs-identity-api-stg.oracleindustry.com:443/scim/v1/migtenantqa1/Users/0d029c64b33f4a9b8f36da8fdd83b578",
    "method" : "POST",
    "bulkId" : "qwerty",
    "status" : {
      "code" : "201"
    },
    "path" : "/Users"
  } ]
} 
2023-09-25 14:17:18,086 - INFO - Request 84 Response Code: 200 
2023-09-25 14:17:18,086 - INFO - Request 85 Response: {
  "schemas" : [ "urn:scim:schemas:core:2.0:BulkResponse" ],
  "Operations" : [ {
    "location" : "https://hs-identity-api-stg.oracleindustry.com:443/scim/v1/migtenantqa1/Users/c89e089ebc9e48e79522646f64d15584",
    "method" : "POST",
    "bulkId" : "qwerty",
    "status" : {
      "code" : "201"
    },
    "path" : "/Users"
  } ]
} 
2023-09-25 14:17:18,086 - INFO - Request 85 Response Code: 200 
2023-09-25 14:17:18,086 - INFO - Request 86 Response: {
  "schemas" : [ "urn:scim:schemas:core:2.0:BulkResponse" ],
  "Operations" : [ {
    "method" : "POST",
    "bulkId" : "qwerty",
    "status" : {
      "description" : "Orchestration process with id 4046385, failed with error message null.",
      "code" : "412"
    },
    "path" : "/Users"
  } ]
} 
2023-09-25 14:17:18,086 - INFO - Request 86 Response Code: 200 
2023-09-25 14:17:18,087 - INFO - Request 87 Response: {
  "schemas" : [ "urn:scim:schemas:core:2.0:BulkResponse" ],
  "Operations" : [ {
    "location" : "https://hs-identity-api-stg.oracleindustry.com:443/scim/v1/migtenantqa1/Users/e0db13913592468ba2f42894f900e881",
    "method" : "POST",
    "bulkId" : "qwerty",
    "status" : {
      "code" : "201"
    },
    "path" : "/Users"
  } ]
} 
2023-09-25 14:17:18,087 - INFO - Request 87 Response Code: 200 
2023-09-25 14:17:18,087 - INFO - Request 88 Response: {
  "schemas" : [ "urn:scim:schemas:core:2.0:BulkResponse" ],
  "Operations" : [ {
    "method" : "POST",
    "bulkId" : "qwerty",
    "status" : {
      "description" : "Orchestration process with id 4046387, failed with error message null.",
      "code" : "412"
    },
    "path" : "/Users"
  } ]
} 
2023-09-25 14:17:18,087 - INFO - Request 88 Response Code: 200 
2023-09-25 14:17:18,087 - INFO - Request 89 Response: {
  "schemas" : [ "urn:scim:schemas:core:2.0:BulkResponse" ],
  "Operations" : [ {
    "method" : "POST",
    "bulkId" : "qwerty",
    "status" : {
      "description" : "Orchestration process with id 4046388, failed with error message null.",
      "code" : "412"
    },
    "path" : "/Users"
  } ]
} 
2023-09-25 14:17:18,087 - INFO - Request 89 Response Code: 200 
2023-09-25 14:17:18,087 - INFO - Request 90 Response: {
  "schemas" : [ "urn:scim:schemas:core:2.0:BulkResponse" ],
  "Operations" : [ {
    "location" : "https://hs-identity-api-stg.oracleindustry.com:443/scim/v1/migtenantqa1/Users/caf3f27dd75e4539ac8193b1812d4c60",
    "method" : "POST",
    "bulkId" : "qwerty",
    "status" : {
      "code" : "201"
    },
    "path" : "/Users"
  } ]
} 
2023-09-25 14:17:18,087 - INFO - Request 90 Response Code: 200 
2023-09-25 14:17:18,087 - INFO - Request 91 Response: {
  "schemas" : [ "urn:scim:schemas:core:2.0:BulkResponse" ],
  "Operations" : [ {
    "location" : "https://hs-identity-api-stg.oracleindustry.com:443/scim/v1/migtenantqa1/Users/14c8ea9736b44e4c89018e58a3f11fd6",
    "method" : "POST",
    "bulkId" : "qwerty",
    "status" : {
      "code" : "201"
    },
    "path" : "/Users"
  } ]
} 
2023-09-25 14:17:18,087 - INFO - Request 91 Response Code: 200 
2023-09-25 14:17:18,087 - INFO - Request 92 Response: {
  "schemas" : [ "urn:scim:schemas:core:2.0:BulkResponse" ],
  "Operations" : [ {
    "method" : "POST",
    "bulkId" : "qwerty",
    "status" : {
      "description" : "Orchestration process with id 4046391, failed with error message null.",
      "code" : "412"
    },
    "path" : "/Users"
  } ]
} 
2023-09-25 14:17:18,087 - INFO - Request 92 Response Code: 200 
2023-09-25 14:17:18,087 - INFO - Request 93 Response: {
  "schemas" : [ "urn:scim:schemas:core:2.0:BulkResponse" ],
  "Operations" : [ {
    "location" : "https://hs-identity-api-stg.oracleindustry.com:443/scim/v1/migtenantqa1/Users/d5de0526d54f4f0599893235ce8756a9",
    "method" : "POST",
    "bulkId" : "qwerty",
    "status" : {
      "code" : "201"
    },
    "path" : "/Users"
  } ]
} 
2023-09-25 14:17:18,087 - INFO - Request 93 Response Code: 200 
2023-09-25 14:17:18,087 - INFO - Request 94 Response: {
  "schemas" : [ "urn:scim:schemas:core:2.0:BulkResponse" ],
  "Operations" : [ {
    "method" : "POST",
    "bulkId" : "qwerty",
    "status" : {
      "description" : "Orchestration process with id 4046394, failed with error message null.",
      "code" : "412"
    },
    "path" : "/Users"
  } ]
} 
2023-09-25 14:17:18,087 - INFO - Request 94 Response Code: 200 
2023-09-25 14:17:18,087 - INFO - Request 95 Response: {
  "schemas" : [ "urn:scim:schemas:core:2.0:BulkResponse" ],
  "Operations" : [ {
    "location" : "https://hs-identity-api-stg.oracleindustry.com:443/scim/v1/migtenantqa1/Users/ea84e8a542034ee1a17bcb393e36a43d",
    "method" : "POST",
    "bulkId" : "qwerty",
    "status" : {
      "code" : "201"
    },
    "path" : "/Users"
  } ]
} 
2023-09-25 14:17:18,087 - INFO - Request 95 Response Code: 200 
2023-09-25 14:17:18,087 - INFO - Request 96 Response: {
  "schemas" : [ "urn:scim:schemas:core:2.0:BulkResponse" ],
  "Operations" : [ {
    "location" : "https://hs-identity-api-stg.oracleindustry.com:443/scim/v1/migtenantqa1/Users/4e3a54d6207445a4bc335fb01180d342",
    "method" : "POST",
    "bulkId" : "qwerty",
    "status" : {
      "code" : "201"
    },
    "path" : "/Users"
  } ]
} 
2023-09-25 14:17:18,087 - INFO - Request 96 Response Code: 200 
2023-09-25 14:17:18,087 - INFO - Request 97 Response: {
  "schemas" : [ "urn:scim:schemas:core:2.0:BulkResponse" ],
  "Operations" : [ {
    "location" : "https://hs-identity-api-stg.oracleindustry.com:443/scim/v1/migtenantqa1/Users/367b298b89f648868ecb7817190ebc37",
    "method" : "POST",
    "bulkId" : "qwerty",
    "status" : {
      "code" : "201"
    },
    "path" : "/Users"
  } ]
} 
2023-09-25 14:17:18,088 - INFO - Request 97 Response Code: 200 
2023-09-25 14:17:18,088 - INFO - Request 98 Response: {
  "schemas" : [ "urn:scim:schemas:core:2.0:BulkResponse" ],
  "Operations" : [ {
    "method" : "POST",
    "bulkId" : "qwerty",
    "status" : {
      "description" : "Orchestration process with id 4046399, failed with error message null.",
      "code" : "412"
    },
    "path" : "/Users"
  } ]
} 
2023-09-25 14:17:18,088 - INFO - Request 98 Response Code: 200 
2023-09-25 14:17:18,088 - INFO - Request 99 Response: {
  "schemas" : [ "urn:scim:schemas:core:2.0:BulkResponse" ],
  "Operations" : [ {
    "location" : "https://hs-identity-api-stg.oracleindustry.com:443/scim/v1/migtenantqa1/Users/e69f198bf7ae40229bc35b209bd54fc0",
    "method" : "POST",
    "bulkId" : "qwerty",
    "status" : {
      "code" : "201"
    },
    "path" : "/Users"
  } ]
} 
2023-09-25 14:17:18,088 - INFO - Request 99 Response Code: 200 
2023-09-25 14:17:18,088 - INFO - Request 100 Response: {
  "schemas" : [ "urn:scim:schemas:core:2.0:BulkResponse" ],
  "Operations" : [ {
    "location" : "https://hs-identity-api-stg.oracleindustry.com:443/scim/v1/migtenantqa1/Users/47aff55208de47689370b513fd63cab6",
    "method" : "POST",
    "bulkId" : "qwerty",
    "status" : {
      "code" : "201"
    },
    "path" : "/Users"
  } ]
} 
2023-09-25 14:17:18,088 - INFO - Request 100 Response Code: 200 
