2023-09-26 15:32:46,217 - INFO - Request 1 Response: {
  "schemas" : [ "urn:scim:schemas:core:2.0:User" ],
  "id" : "dd05de211970493a95498c2c6cfbb212",
  "userName" : "idcsusersept1",
  "name" : {
    "familyName" : "IDCSUSERSEPT1",
    "givenName" : "IDCSUSERSEPT1"
  },
  "emails" : [ {
    "value" : "IDCSUSERSEPT1@oracle.com",
    "type" : "work"
  } ],
  "active" : true,
  "meta" : {
    "created" : "2023-09-26T09:59:46Z",
    "lastModified" : "2023-09-26T09:59:46Z",
    "location" : "https://migtenantqa1-hs-sso-stg.iams.hs.ocs.oraclecloud.com:443/scimgateway/v1/migtenantqa1/Users/dd05de211970493a95498c2c6cfbb212",
    "resourceType" : "User"
  }
} 
2023-09-26 15:32:46,217 - INFO - Request 1 Response Code: 200 
2023-09-26 15:32:46,227 - INFO - Request 2 Response: {
  "schemas" : [ "urn:scim:schemas:core:2.0:User" ],
  "id" : "23cec852bf3d45e4ada2594238497836",
  "userName" : "idcsusersept2",
  "name" : {
    "familyName" : "IDCSUSERSEPT2",
    "givenName" : "IDCSUSERSEPT2"
  },
  "emails" : [ {
    "value" : "IDCSUSERSEPT2@oracle.com",
    "type" : "work"
  } ],
  "active" : true,
  "meta" : {
    "created" : "2023-09-26T09:59:48Z",
    "lastModified" : "2023-09-26T09:59:48Z",
    "location" : "https://migtenantqa1-hs-sso-stg.iams.hs.ocs.oraclecloud.com:443/scimgateway/v1/migtenantqa1/Users/23cec852bf3d45e4ada2594238497836",
    "resourceType" : "User"
  }
} 
2023-09-26 15:32:46,227 - INFO - Request 2 Response Code: 200 
2023-09-26 15:32:46,227 - INFO - Request 3 Response: {
  "schemas" : [ "urn:scim:schemas:core:2.0:User" ],
  "id" : "e55cbf3b62c443eaa915635743844f85",
  "userName" : "idcsusersept3",
  "name" : {
    "familyName" : "IDCSUSERSEPT3",
    "givenName" : "IDCSUSERSEPT3"
  },
  "emails" : [ {
    "value" : "IDCSUSERSEPT3@oracle.com",
    "type" : "work"
  } ],
  "active" : true,
  "meta" : {
    "created" : "2023-09-26T10:00:01Z",
    "lastModified" : "2023-09-26T10:00:01Z",
    "location" : "https://migtenantqa1-hs-sso-stg.iams.hs.ocs.oraclecloud.com:443/scimgateway/v1/migtenantqa1/Users/e55cbf3b62c443eaa915635743844f85",
    "resourceType" : "User"
  }
} 
2023-09-26 15:32:46,227 - INFO - Request 3 Response Code: 200 
2023-09-26 15:32:46,227 - INFO - Request 4 Response: {
  "schemas" : [ "urn:scim:schemas:core:2.0:User" ],
  "id" : "8dedf7e6aa4b452aa05546e3842a246b",
  "userName" : "idcsusersept4",
  "name" : {
    "familyName" : "IDCSUSERSEPT4",
    "givenName" : "IDCSUSERSEPT4"
  },
  "emails" : [ {
    "value" : "IDCSUSERSEPT4@oracle.com",
    "type" : "work"
  } ],
  "active" : true,
  "meta" : {
    "created" : "2023-09-26T09:59:56Z",
    "lastModified" : "2023-09-26T09:59:56Z",
    "location" : "https://migtenantqa1-hs-sso-stg.iams.hs.ocs.oraclecloud.com:443/scimgateway/v1/migtenantqa1/Users/8dedf7e6aa4b452aa05546e3842a246b",
    "resourceType" : "User"
  }
} 
2023-09-26 15:32:46,227 - INFO - Request 4 Response Code: 200 
2023-09-26 15:32:46,227 - INFO - Request 5 Response: {
  "schemas" : [ "urn:scim:schemas:core:2.0:User" ],
  "id" : "6f1fc5b230ad406995cccbfadbf30343",
  "userName" : "idcsusersept5",
  "name" : {
    "familyName" : "IDCSUSERSEPT5",
    "givenName" : "IDCSUSERSEPT5"
  },
  "emails" : [ {
    "value" : "IDCSUSERSEPT5@oracle.com",
    "type" : "work"
  } ],
  "active" : true,
  "meta" : {
    "created" : "2023-09-26T09:59:50Z",
    "lastModified" : "2023-09-26T09:59:50Z",
    "location" : "https://migtenantqa1-hs-sso-stg.iams.hs.ocs.oraclecloud.com:443/scimgateway/v1/migtenantqa1/Users/6f1fc5b230ad406995cccbfadbf30343",
    "resourceType" : "User"
  }
} 
2023-09-26 15:32:46,228 - INFO - Request 5 Response Code: 200 
2023-09-26 15:32:46,228 - INFO - Request 6 Response: {
  "schemas" : [ "urn:scim:schemas:core:2.0:User" ],
  "id" : "6eab2e5dc2864d53a0e51d49b27e7e7a",
  "userName" : "idcsusersept6",
  "name" : {
    "familyName" : "IDCSUSERSEPT6",
    "givenName" : "IDCSUSERSEPT6"
  },
  "emails" : [ {
    "value" : "IDCSUSERSEPT6@oracle.com",
    "type" : "work"
  } ],
  "active" : true,
  "meta" : {
    "created" : "2023-09-26T09:59:49Z",
    "lastModified" : "2023-09-26T09:59:49Z",
    "location" : "https://migtenantqa1-hs-sso-stg.iams.hs.ocs.oraclecloud.com:443/scimgateway/v1/migtenantqa1/Users/6eab2e5dc2864d53a0e51d49b27e7e7a",
    "resourceType" : "User"
  }
} 
2023-09-26 15:32:46,228 - INFO - Request 6 Response Code: 200 
2023-09-26 15:32:46,228 - INFO - Request 7 Response: {
  "schemas" : [ "urn:scim:schemas:core:2.0:User" ],
  "id" : "5c24bedb8b0248318083043c200f95e1",
  "userName" : "idcsusersept7",
  "name" : {
    "familyName" : "IDCSUSERSEPT7",
    "givenName" : "IDCSUSERSEPT7"
  },
  "emails" : [ {
    "value" : "IDCSUSERSEPT7@oracle.com",
    "type" : "work"
  } ],
  "active" : true,
  "meta" : {
    "created" : "2023-09-26T09:59:54Z",
    "lastModified" : "2023-09-26T09:59:54Z",
    "location" : "https://migtenantqa1-hs-sso-stg.iams.hs.ocs.oraclecloud.com:443/scimgateway/v1/migtenantqa1/Users/5c24bedb8b0248318083043c200f95e1",
    "resourceType" : "User"
  }
} 
2023-09-26 15:32:46,228 - INFO - Request 7 Response Code: 200 
2023-09-26 15:32:46,228 - INFO - Request 8 Response: {
  "schemas" : [ "urn:scim:schemas:core:2.0:User" ],
  "id" : "6b7539c3f3674447b79ae665605fe6fc",
  "userName" : "idcsusersept8",
  "name" : {
    "familyName" : "IDCSUSERSEPT8",
    "givenName" : "IDCSUSERSEPT8"
  },
  "emails" : [ {
    "value" : "IDCSUSERSEPT8@oracle.com",
    "type" : "work"
  } ],
  "active" : true,
  "meta" : {
    "created" : "2023-09-26T09:59:52Z",
    "lastModified" : "2023-09-26T09:59:52Z",
    "location" : "https://migtenantqa1-hs-sso-stg.iams.hs.ocs.oraclecloud.com:443/scimgateway/v1/migtenantqa1/Users/6b7539c3f3674447b79ae665605fe6fc",
    "resourceType" : "User"
  }
} 
2023-09-26 15:32:46,228 - INFO - Request 8 Response Code: 200 
2023-09-26 15:32:46,228 - INFO - Request 9 Response: {
  "schemas" : [ "urn:scim:schemas:core:2.0:User" ],
  "id" : "8a016b5623a24cba920a0a8c062a10cb",
  "userName" : "idcsusersept9",
  "name" : {
    "familyName" : "IDCSUSERSEPT9",
    "givenName" : "IDCSUSERSEPT9"
  },
  "emails" : [ {
    "value" : "IDCSUSERSEPT9@oracle.com",
    "type" : "work"
  } ],
  "active" : true,
  "meta" : {
    "created" : "2023-09-26T09:59:54Z",
    "lastModified" : "2023-09-26T09:59:54Z",
    "location" : "https://migtenantqa1-hs-sso-stg.iams.hs.ocs.oraclecloud.com:443/scimgateway/v1/migtenantqa1/Users/8a016b5623a24cba920a0a8c062a10cb",
    "resourceType" : "User"
  }
} 
2023-09-26 15:32:46,228 - INFO - Request 9 Response Code: 200 
2023-09-26 15:32:46,228 - INFO - Request 10 Response: {
  "schemas" : [ "urn:scim:schemas:core:2.0:User" ],
  "id" : "8c5520de0e68447ab6e232de7ef5e42a",
  "userName" : "idcsusersept10",
  "name" : {
    "familyName" : "IDCSUSERSEPT10",
    "givenName" : "IDCSUSERSEPT10"
  },
  "emails" : [ {
    "value" : "IDCSUSERSEPT10@oracle.com",
    "type" : "work"
  } ],
  "active" : true,
  "meta" : {
    "created" : "2023-09-26T09:59:58Z",
    "lastModified" : "2023-09-26T09:59:58Z",
    "location" : "https://migtenantqa1-hs-sso-stg.iams.hs.ocs.oraclecloud.com:443/scimgateway/v1/migtenantqa1/Users/8c5520de0e68447ab6e232de7ef5e42a",
    "resourceType" : "User"
  }
} 
2023-09-26 15:32:46,228 - INFO - Request 10 Response Code: 200 
2023-09-26 15:32:46,228 - INFO - Request 11 Response: {
  "schemas" : [ "urn:scim:schemas:core:2.0:User" ],
  "id" : "7175019ad0bb471288ae5d45dd22b149",
  "userName" : "idcsusersept11",
  "name" : {
    "familyName" : "IDCSUSERSEPT11",
    "givenName" : "IDCSUSERSEPT11"
  },
  "emails" : [ {
    "value" : "IDCSUSERSEPT11@oracle.com",
    "type" : "work"
  } ],
  "active" : true,
  "meta" : {
    "created" : "2023-09-26T09:59:55Z",
    "lastModified" : "2023-09-26T09:59:55Z",
    "location" : "https://migtenantqa1-hs-sso-stg.iams.hs.ocs.oraclecloud.com:443/scimgateway/v1/migtenantqa1/Users/7175019ad0bb471288ae5d45dd22b149",
    "resourceType" : "User"
  }
} 
2023-09-26 15:32:46,228 - INFO - Request 11 Response Code: 200 
2023-09-26 15:32:46,228 - INFO - Request 12 Response: {
  "schemas" : [ "urn:scim:schemas:core:2.0:User" ],
  "id" : "e46d0c7f043640f39d9194cf19c0c60d",
  "userName" : "idcsusersept12",
  "name" : {
    "familyName" : "IDCSUSERSEPT12",
    "givenName" : "IDCSUSERSEPT12"
  },
  "emails" : [ {
    "value" : "IDCSUSERSEPT12@oracle.com",
    "type" : "work"
  } ],
  "active" : true,
  "meta" : {
    "created" : "2023-09-26T09:59:53Z",
    "lastModified" : "2023-09-26T09:59:53Z",
    "location" : "https://migtenantqa1-hs-sso-stg.iams.hs.ocs.oraclecloud.com:443/scimgateway/v1/migtenantqa1/Users/e46d0c7f043640f39d9194cf19c0c60d",
    "resourceType" : "User"
  }
} 
2023-09-26 15:32:46,228 - INFO - Request 12 Response Code: 200 
2023-09-26 15:32:46,228 - INFO - Request 13 Response: {
  "schemas" : [ "urn:scim:schemas:core:2.0:User" ],
  "id" : "a1d93a26d7be497199a1e7509ec92373",
  "userName" : "idcsusersept13",
  "name" : {
    "familyName" : "IDCSUSERSEPT13",
    "givenName" : "IDCSUSERSEPT13"
  },
  "emails" : [ {
    "value" : "IDCSUSERSEPT13@oracle.com",
    "type" : "work"
  } ],
  "active" : true,
  "meta" : {
    "created" : "2023-09-26T10:00:24Z",
    "lastModified" : "2023-09-26T10:00:24Z",
    "location" : "https://migtenantqa1-hs-sso-stg.iams.hs.ocs.oraclecloud.com:443/scimgateway/v1/migtenantqa1/Users/a1d93a26d7be497199a1e7509ec92373",
    "resourceType" : "User"
  }
} 
2023-09-26 15:32:46,228 - INFO - Request 13 Response Code: 200 
2023-09-26 15:32:46,228 - INFO - Request 14 Response: {
  "schemas" : [ "urn:scim:schemas:core:2.0:User" ],
  "id" : "bc14cf8024304b22a07dd33ebefa01f6",
  "userName" : "idcsusersept14",
  "name" : {
    "familyName" : "IDCSUSERSEPT14",
    "givenName" : "IDCSUSERSEPT14"
  },
  "emails" : [ {
    "value" : "IDCSUSERSEPT14@oracle.com",
    "type" : "work"
  } ],
  "active" : true,
  "meta" : {
    "created" : "2023-09-26T09:59:59Z",
    "lastModified" : "2023-09-26T09:59:59Z",
    "location" : "https://migtenantqa1-hs-sso-stg.iams.hs.ocs.oraclecloud.com:443/scimgateway/v1/migtenantqa1/Users/bc14cf8024304b22a07dd33ebefa01f6",
    "resourceType" : "User"
  }
} 
2023-09-26 15:32:46,228 - INFO - Request 14 Response Code: 200 
2023-09-26 15:32:46,228 - INFO - Request 15 Response: {
  "schemas" : [ "urn:scim:schemas:core:2.0:User" ],
  "id" : "980281f2c5be4bd7b386399a4cb3f4c8",
  "userName" : "idcsusersept15",
  "name" : {
    "familyName" : "IDCSUSERSEPT15",
    "givenName" : "IDCSUSERSEPT15"
  },
  "emails" : [ {
    "value" : "IDCSUSERSEPT15@oracle.com",
    "type" : "work"
  } ],
  "active" : true,
  "meta" : {
    "created" : "2023-09-26T10:00:00Z",
    "lastModified" : "2023-09-26T10:00:00Z",
    "location" : "https://migtenantqa1-hs-sso-stg.iams.hs.ocs.oraclecloud.com:443/scimgateway/v1/migtenantqa1/Users/980281f2c5be4bd7b386399a4cb3f4c8",
    "resourceType" : "User"
  }
} 
2023-09-26 15:32:46,229 - INFO - Request 15 Response Code: 200 
2023-09-26 15:32:46,229 - INFO - Request 16 Response: {
  "schemas" : [ "urn:scim:schemas:core:2.0:User" ],
  "id" : "fcb5928833ee43cdbd8ce61b6f8455df",
  "userName" : "idcsusersept16",
  "name" : {
    "familyName" : "IDCSUSERSEPT16",
    "givenName" : "IDCSUSERSEPT16"
  },
  "emails" : [ {
    "value" : "IDCSUSERSEPT16@oracle.com",
    "type" : "work"
  } ],
  "active" : true,
  "meta" : {
    "created" : "2023-09-26T09:59:58Z",
    "lastModified" : "2023-09-26T09:59:58Z",
    "location" : "https://migtenantqa1-hs-sso-stg.iams.hs.ocs.oraclecloud.com:443/scimgateway/v1/migtenantqa1/Users/fcb5928833ee43cdbd8ce61b6f8455df",
    "resourceType" : "User"
  }
} 
2023-09-26 15:32:46,229 - INFO - Request 16 Response Code: 200 
2023-09-26 15:32:46,229 - INFO - Request 17 Response: {
  "schemas" : [ "urn:scim:schemas:core:2.0:User" ],
  "id" : "5cba1915cb39405fbaed673e38e121e6",
  "userName" : "idcsusersept17",
  "name" : {
    "familyName" : "IDCSUSERSEPT17",
    "givenName" : "IDCSUSERSEPT17"
  },
  "emails" : [ {
    "value" : "IDCSUSERSEPT17@oracle.com",
    "type" : "work"
  } ],
  "active" : true,
  "meta" : {
    "created" : "2023-09-26T10:00:06Z",
    "lastModified" : "2023-09-26T10:00:06Z",
    "location" : "https://migtenantqa1-hs-sso-stg.iams.hs.ocs.oraclecloud.com:443/scimgateway/v1/migtenantqa1/Users/5cba1915cb39405fbaed673e38e121e6",
    "resourceType" : "User"
  }
} 
2023-09-26 15:32:46,229 - INFO - Request 17 Response Code: 200 
2023-09-26 15:32:46,229 - INFO - Request 18 Response: {
  "schemas" : [ "urn:scim:schemas:core:2.0:User" ],
  "id" : "aa35fa5f400c4966a0e0c793ef22c95d",
  "userName" : "idcsusersept18",
  "name" : {
    "familyName" : "IDCSUSERSEPT18",
    "givenName" : "IDCSUSERSEPT18"
  },
  "emails" : [ {
    "value" : "IDCSUSERSEPT18@oracle.com",
    "type" : "work"
  } ],
  "active" : true,
  "meta" : {
    "created" : "2023-09-26T10:00:11Z",
    "lastModified" : "2023-09-26T10:00:11Z",
    "location" : "https://migtenantqa1-hs-sso-stg.iams.hs.ocs.oraclecloud.com:443/scimgateway/v1/migtenantqa1/Users/aa35fa5f400c4966a0e0c793ef22c95d",
    "resourceType" : "User"
  }
} 
2023-09-26 15:32:46,229 - INFO - Request 18 Response Code: 200 
2023-09-26 15:32:46,229 - INFO - Request 19 Response: {
  "schemas" : [ "urn:scim:schemas:core:2.0:User" ],
  "id" : "cdadd66aabd24b379bee237f38adf291",
  "userName" : "idcsusersept19",
  "name" : {
    "familyName" : "IDCSUSERSEPT19",
    "givenName" : "IDCSUSERSEPT19"
  },
  "emails" : [ {
    "value" : "IDCSUSERSEPT19@oracle.com",
    "type" : "work"
  } ],
  "active" : true,
  "meta" : {
    "created" : "2023-09-26T10:00:09Z",
    "lastModified" : "2023-09-26T10:00:09Z",
    "location" : "https://migtenantqa1-hs-sso-stg.iams.hs.ocs.oraclecloud.com:443/scimgateway/v1/migtenantqa1/Users/cdadd66aabd24b379bee237f38adf291",
    "resourceType" : "User"
  }
} 
2023-09-26 15:32:46,229 - INFO - Request 19 Response Code: 200 
2023-09-26 15:32:46,229 - INFO - Request 20 Response: {
  "schemas" : [ "urn:scim:schemas:core:2.0:User" ],
  "id" : "b5224209d1d44ffeb1cab97e48be9a5e",
  "userName" : "idcsusersept20",
  "name" : {
    "familyName" : "IDCSUSERSEPT20",
    "givenName" : "IDCSUSERSEPT20"
  },
  "emails" : [ {
    "value" : "IDCSUSERSEPT20@oracle.com",
    "type" : "work"
  } ],
  "active" : true,
  "meta" : {
    "created" : "2023-09-26T10:00:32Z",
    "lastModified" : "2023-09-26T10:00:32Z",
    "location" : "https://migtenantqa1-hs-sso-stg.iams.hs.ocs.oraclecloud.com:443/scimgateway/v1/migtenantqa1/Users/b5224209d1d44ffeb1cab97e48be9a5e",
    "resourceType" : "User"
  }
} 
2023-09-26 15:32:46,229 - INFO - Request 20 Response Code: 200 
2023-09-26 15:32:46,229 - INFO - Request 21 Response: {
  "schemas" : [ "urn:scim:schemas:core:2.0:User" ],
  "id" : "e4d151f3e79b4c7cb0b61af135d4d71f",
  "userName" : "idcsusersept21",
  "name" : {
    "familyName" : "IDCSUSERSEPT21",
    "givenName" : "IDCSUSERSEPT21"
  },
  "emails" : [ {
    "value" : "IDCSUSERSEPT21@oracle.com",
    "type" : "work"
  } ],
  "active" : true,
  "meta" : {
    "created" : "2023-09-26T10:00:06Z",
    "lastModified" : "2023-09-26T10:00:06Z",
    "location" : "https://migtenantqa1-hs-sso-stg.iams.hs.ocs.oraclecloud.com:443/scimgateway/v1/migtenantqa1/Users/e4d151f3e79b4c7cb0b61af135d4d71f",
    "resourceType" : "User"
  }
} 
2023-09-26 15:32:46,229 - INFO - Request 21 Response Code: 200 
2023-09-26 15:32:46,229 - INFO - Request 22 Response: {
  "schemas" : [ "urn:scim:schemas:core:2.0:User" ],
  "id" : "e0ce37632d7a433db1637771c57625d2",
  "userName" : "idcsusersept22",
  "name" : {
    "familyName" : "IDCSUSERSEPT22",
    "givenName" : "IDCSUSERSEPT22"
  },
  "emails" : [ {
    "value" : "IDCSUSERSEPT22@oracle.com",
    "type" : "work"
  } ],
  "active" : true,
  "meta" : {
    "created" : "2023-09-26T10:00:02Z",
    "lastModified" : "2023-09-26T10:00:02Z",
    "location" : "https://migtenantqa1-hs-sso-stg.iams.hs.ocs.oraclecloud.com:443/scimgateway/v1/migtenantqa1/Users/e0ce37632d7a433db1637771c57625d2",
    "resourceType" : "User"
  }
} 
2023-09-26 15:32:46,229 - INFO - Request 22 Response Code: 200 
2023-09-26 15:32:46,229 - INFO - Request 23 Response: {
  "schemas" : [ "urn:scim:schemas:core:2.0:User" ],
  "id" : "0872c6c224af4667b0761164030c514a",
  "userName" : "idcsusersept23",
  "name" : {
    "familyName" : "IDCSUSERSEPT23",
    "givenName" : "IDCSUSERSEPT23"
  },
  "emails" : [ {
    "value" : "IDCSUSERSEPT23@oracle.com",
    "type" : "work"
  } ],
  "active" : true,
  "meta" : {
    "created" : "2023-09-26T10:00:29Z",
    "lastModified" : "2023-09-26T10:00:29Z",
    "location" : "https://migtenantqa1-hs-sso-stg.iams.hs.ocs.oraclecloud.com:443/scimgateway/v1/migtenantqa1/Users/0872c6c224af4667b0761164030c514a",
    "resourceType" : "User"
  }
} 
2023-09-26 15:32:46,230 - INFO - Request 23 Response Code: 200 
2023-09-26 15:32:46,230 - INFO - Request 24 Response: {
  "schemas" : [ "urn:scim:schemas:core:2.0:User" ],
  "id" : "81904a5366af4c74a03510d602199b1c",
  "userName" : "idcsusersept24",
  "name" : {
    "familyName" : "IDCSUSERSEPT24",
    "givenName" : "IDCSUSERSEPT24"
  },
  "emails" : [ {
    "value" : "IDCSUSERSEPT24@oracle.com",
    "type" : "work"
  } ],
  "active" : true,
  "meta" : {
    "created" : "2023-09-26T10:00:05Z",
    "lastModified" : "2023-09-26T10:00:05Z",
    "location" : "https://migtenantqa1-hs-sso-stg.iams.hs.ocs.oraclecloud.com:443/scimgateway/v1/migtenantqa1/Users/81904a5366af4c74a03510d602199b1c",
    "resourceType" : "User"
  }
} 
2023-09-26 15:32:46,230 - INFO - Request 24 Response Code: 200 
2023-09-26 15:32:46,230 - INFO - Request 25 Response: {
  "schemas" : [ "urn:scim:schemas:core:2.0:User" ],
  "id" : "52b77453eba14de69ea6047ad1a1d0e2",
  "userName" : "idcsusersept25",
  "name" : {
    "familyName" : "IDCSUSERSEPT25",
    "givenName" : "IDCSUSERSEPT25"
  },
  "emails" : [ {
    "value" : "IDCSUSERSEPT25@oracle.com",
    "type" : "work"
  } ],
  "active" : true,
  "meta" : {
    "created" : "2023-09-26T10:00:13Z",
    "lastModified" : "2023-09-26T10:00:13Z",
    "location" : "https://migtenantqa1-hs-sso-stg.iams.hs.ocs.oraclecloud.com:443/scimgateway/v1/migtenantqa1/Users/52b77453eba14de69ea6047ad1a1d0e2",
    "resourceType" : "User"
  }
} 
2023-09-26 15:32:46,230 - INFO - Request 25 Response Code: 200 
2023-09-26 15:32:46,230 - INFO - Request 26 Response: {
  "schemas" : [ "urn:scim:schemas:core:2.0:User" ],
  "id" : "bd324f77ad3d4ac59e6a01a827a4aa32",
  "userName" : "idcsusersept26",
  "name" : {
    "familyName" : "IDCSUSERSEPT26",
    "givenName" : "IDCSUSERSEPT26"
  },
  "emails" : [ {
    "value" : "IDCSUSERSEPT26@oracle.com",
    "type" : "work"
  } ],
  "active" : true,
  "meta" : {
    "created" : "2023-09-26T10:00:11Z",
    "lastModified" : "2023-09-26T10:00:11Z",
    "location" : "https://migtenantqa1-hs-sso-stg.iams.hs.ocs.oraclecloud.com:443/scimgateway/v1/migtenantqa1/Users/bd324f77ad3d4ac59e6a01a827a4aa32",
    "resourceType" : "User"
  }
} 
2023-09-26 15:32:46,230 - INFO - Request 26 Response Code: 200 
2023-09-26 15:32:46,230 - INFO - Request 27 Response: {
  "schemas" : [ "urn:scim:schemas:core:2.0:User" ],
  "id" : "9ecdf0bdc39e48bda35135eeb83c0c1c",
  "userName" : "idcsusersept27",
  "name" : {
    "familyName" : "IDCSUSERSEPT27",
    "givenName" : "IDCSUSERSEPT27"
  },
  "emails" : [ {
    "value" : "IDCSUSERSEPT27@oracle.com",
    "type" : "work"
  } ],
  "active" : true,
  "meta" : {
    "created" : "2023-09-26T10:00:14Z",
    "lastModified" : "2023-09-26T10:00:14Z",
    "location" : "https://migtenantqa1-hs-sso-stg.iams.hs.ocs.oraclecloud.com:443/scimgateway/v1/migtenantqa1/Users/9ecdf0bdc39e48bda35135eeb83c0c1c",
    "resourceType" : "User"
  }
} 
2023-09-26 15:32:46,230 - INFO - Request 27 Response Code: 200 
2023-09-26 15:32:46,230 - INFO - Request 28 Response: {
  "schemas" : [ "urn:scim:schemas:core:2.0:User" ],
  "id" : "8d061c8aedc44a9e8609824b11d1e881",
  "userName" : "idcsusersept28",
  "name" : {
    "familyName" : "IDCSUSERSEPT28",
    "givenName" : "IDCSUSERSEPT28"
  },
  "emails" : [ {
    "value" : "IDCSUSERSEPT28@oracle.com",
    "type" : "work"
  } ],
  "active" : true,
  "meta" : {
    "created" : "2023-09-26T10:00:19Z",
    "lastModified" : "2023-09-26T10:00:19Z",
    "location" : "https://migtenantqa1-hs-sso-stg.iams.hs.ocs.oraclecloud.com:443/scimgateway/v1/migtenantqa1/Users/8d061c8aedc44a9e8609824b11d1e881",
    "resourceType" : "User"
  }
} 
2023-09-26 15:32:46,230 - INFO - Request 28 Response Code: 200 
2023-09-26 15:32:46,230 - INFO - Request 29 Response: {
  "schemas" : [ "urn:scim:schemas:core:2.0:User" ],
  "id" : "40b401f3fa1242fdba65845bdc330867",
  "userName" : "idcsusersept29",
  "name" : {
    "familyName" : "IDCSUSERSEPT29",
    "givenName" : "IDCSUSERSEPT29"
  },
  "emails" : [ {
    "value" : "IDCSUSERSEPT29@oracle.com",
    "type" : "work"
  } ],
  "active" : true,
  "meta" : {
    "created" : "2023-09-26T10:00:16Z",
    "lastModified" : "2023-09-26T10:00:16Z",
    "location" : "https://migtenantqa1-hs-sso-stg.iams.hs.ocs.oraclecloud.com:443/scimgateway/v1/migtenantqa1/Users/40b401f3fa1242fdba65845bdc330867",
    "resourceType" : "User"
  }
} 
2023-09-26 15:32:46,230 - INFO - Request 29 Response Code: 200 
2023-09-26 15:32:46,230 - INFO - Request 30 Response: {
  "schemas" : [ "urn:scim:schemas:core:2.0:User" ],
  "id" : "c0a7dcf5a0d947d58793e339933bd78b",
  "userName" : "idcsusersept30",
  "name" : {
    "familyName" : "IDCSUSERSEPT30",
    "givenName" : "IDCSUSERSEPT30"
  },
  "emails" : [ {
    "value" : "IDCSUSERSEPT30@oracle.com",
    "type" : "work"
  } ],
  "active" : true,
  "meta" : {
    "created" : "2023-09-26T10:00:18Z",
    "lastModified" : "2023-09-26T10:00:18Z",
    "location" : "https://migtenantqa1-hs-sso-stg.iams.hs.ocs.oraclecloud.com:443/scimgateway/v1/migtenantqa1/Users/c0a7dcf5a0d947d58793e339933bd78b",
    "resourceType" : "User"
  }
} 
2023-09-26 15:32:46,230 - INFO - Request 30 Response Code: 200 
2023-09-26 15:32:46,230 - INFO - Request 31 Response: {
  "schemas" : [ "urn:scim:schemas:core:2.0:User" ],
  "id" : "6225b487795a4133813dc7ab2fc6222c",
  "userName" : "idcsusersept31",
  "name" : {
    "familyName" : "IDCSUSERSEPT31",
    "givenName" : "IDCSUSERSEPT31"
  },
  "emails" : [ {
    "value" : "IDCSUSERSEPT31@oracle.com",
    "type" : "work"
  } ],
  "active" : true,
  "meta" : {
    "created" : "2023-09-26T10:00:17Z",
    "lastModified" : "2023-09-26T10:00:17Z",
    "location" : "https://migtenantqa1-hs-sso-stg.iams.hs.ocs.oraclecloud.com:443/scimgateway/v1/migtenantqa1/Users/6225b487795a4133813dc7ab2fc6222c",
    "resourceType" : "User"
  }
} 
2023-09-26 15:32:46,230 - INFO - Request 31 Response Code: 200 
2023-09-26 15:32:46,230 - INFO - Request 32 Response: {
  "schemas" : [ "urn:scim:schemas:core:2.0:User" ],
  "id" : "53a333cc35c246ba92b65d13279e3826",
  "userName" : "idcsusersept32",
  "name" : {
    "familyName" : "IDCSUSERSEPT32",
    "givenName" : "IDCSUSERSEPT32"
  },
  "emails" : [ {
    "value" : "IDCSUSERSEPT32@oracle.com",
    "type" : "work"
  } ],
  "active" : true,
  "meta" : {
    "created" : "2023-09-26T10:00:21Z",
    "lastModified" : "2023-09-26T10:00:21Z",
    "location" : "https://migtenantqa1-hs-sso-stg.iams.hs.ocs.oraclecloud.com:443/scimgateway/v1/migtenantqa1/Users/53a333cc35c246ba92b65d13279e3826",
    "resourceType" : "User"
  }
} 
2023-09-26 15:32:46,230 - INFO - Request 32 Response Code: 200 
2023-09-26 15:32:46,230 - INFO - Request 33 Response: {
  "schemas" : [ "urn:scim:schemas:core:2.0:User" ],
  "id" : "2ee573ffa6ab408aba9273026f2c54aa",
  "userName" : "idcsusersept33",
  "name" : {
    "familyName" : "IDCSUSERSEPT33",
    "givenName" : "IDCSUSERSEPT33"
  },
  "emails" : [ {
    "value" : "IDCSUSERSEPT33@oracle.com",
    "type" : "work"
  } ],
  "active" : true,
  "meta" : {
    "created" : "2023-09-26T10:00:31Z",
    "lastModified" : "2023-09-26T10:00:31Z",
    "location" : "https://migtenantqa1-hs-sso-stg.iams.hs.ocs.oraclecloud.com:443/scimgateway/v1/migtenantqa1/Users/2ee573ffa6ab408aba9273026f2c54aa",
    "resourceType" : "User"
  }
} 
2023-09-26 15:32:46,230 - INFO - Request 33 Response Code: 200 
2023-09-26 15:32:46,230 - INFO - Request 34 Response: {
  "schemas" : [ "urn:scim:schemas:core:2.0:User" ],
  "id" : "a1f1292e982147ffbc8ce77f6c4ee2cf",
  "userName" : "idcsusersept34",
  "name" : {
    "familyName" : "IDCSUSERSEPT34",
    "givenName" : "IDCSUSERSEPT34"
  },
  "emails" : [ {
    "value" : "IDCSUSERSEPT34@oracle.com",
    "type" : "work"
  } ],
  "active" : true,
  "meta" : {
    "created" : "2023-09-26T10:00:22Z",
    "lastModified" : "2023-09-26T10:00:22Z",
    "location" : "https://migtenantqa1-hs-sso-stg.iams.hs.ocs.oraclecloud.com:443/scimgateway/v1/migtenantqa1/Users/a1f1292e982147ffbc8ce77f6c4ee2cf",
    "resourceType" : "User"
  }
} 
2023-09-26 15:32:46,230 - INFO - Request 34 Response Code: 200 
2023-09-26 15:32:46,230 - INFO - Request 35 Response: {
  "schemas" : [ "urn:scim:schemas:core:2.0:User" ],
  "id" : "b8e06ac0a06246a5b86e69cec2d12551",
  "userName" : "idcsusersept35",
  "name" : {
    "familyName" : "IDCSUSERSEPT35",
    "givenName" : "IDCSUSERSEPT35"
  },
  "emails" : [ {
    "value" : "IDCSUSERSEPT35@oracle.com",
    "type" : "work"
  } ],
  "active" : true,
  "meta" : {
    "created" : "2023-09-26T10:00:21Z",
    "lastModified" : "2023-09-26T10:00:21Z",
    "location" : "https://migtenantqa1-hs-sso-stg.iams.hs.ocs.oraclecloud.com:443/scimgateway/v1/migtenantqa1/Users/b8e06ac0a06246a5b86e69cec2d12551",
    "resourceType" : "User"
  }
} 
2023-09-26 15:32:46,231 - INFO - Request 35 Response Code: 200 
2023-09-26 15:32:46,231 - INFO - Request 36 Response: {
  "schemas" : [ "urn:scim:schemas:core:2.0:User" ],
  "id" : "c75df6e364bb4b738353d198ad293a6c",
  "userName" : "idcsusersept36",
  "name" : {
    "familyName" : "IDCSUSERSEPT36",
    "givenName" : "IDCSUSERSEPT36"
  },
  "emails" : [ {
    "value" : "IDCSUSERSEPT36@oracle.com",
    "type" : "work"
  } ],
  "active" : true,
  "meta" : {
    "created" : "2023-09-26T10:00:43Z",
    "lastModified" : "2023-09-26T10:00:43Z",
    "location" : "https://migtenantqa1-hs-sso-stg.iams.hs.ocs.oraclecloud.com:443/scimgateway/v1/migtenantqa1/Users/c75df6e364bb4b738353d198ad293a6c",
    "resourceType" : "User"
  }
} 
2023-09-26 15:32:46,231 - INFO - Request 36 Response Code: 200 
2023-09-26 15:32:46,231 - INFO - Request 37 Response: {
  "schemas" : [ "urn:scim:schemas:core:2.0:User" ],
  "id" : "22722b0614274eacbd19c0b1d525e559",
  "userName" : "idcsusersept37",
  "name" : {
    "familyName" : "IDCSUSERSEPT37",
    "givenName" : "IDCSUSERSEPT37"
  },
  "emails" : [ {
    "value" : "IDCSUSERSEPT37@oracle.com",
    "type" : "work"
  } ],
  "active" : true,
  "meta" : {
    "created" : "2023-09-26T10:00:24Z",
    "lastModified" : "2023-09-26T10:00:24Z",
    "location" : "https://migtenantqa1-hs-sso-stg.iams.hs.ocs.oraclecloud.com:443/scimgateway/v1/migtenantqa1/Users/22722b0614274eacbd19c0b1d525e559",
    "resourceType" : "User"
  }
} 
2023-09-26 15:32:46,231 - INFO - Request 37 Response Code: 200 
2023-09-26 15:32:46,231 - INFO - Request 38 Response: {
  "schemas" : [ "urn:scim:schemas:core:2.0:User" ],
  "id" : "595f4f61c2ec48e8b2fa7c6a6bb36de4",
  "userName" : "idcsusersept38",
  "name" : {
    "familyName" : "IDCSUSERSEPT38",
    "givenName" : "IDCSUSERSEPT38"
  },
  "emails" : [ {
    "value" : "IDCSUSERSEPT38@oracle.com",
    "type" : "work"
  } ],
  "active" : true,
  "meta" : {
    "created" : "2023-09-26T10:00:26Z",
    "lastModified" : "2023-09-26T10:00:26Z",
    "location" : "https://migtenantqa1-hs-sso-stg.iams.hs.ocs.oraclecloud.com:443/scimgateway/v1/migtenantqa1/Users/595f4f61c2ec48e8b2fa7c6a6bb36de4",
    "resourceType" : "User"
  }
} 
2023-09-26 15:32:46,231 - INFO - Request 38 Response Code: 200 
2023-09-26 15:32:46,231 - INFO - Request 39 Response: {
  "schemas" : [ "urn:scim:schemas:core:2.0:User" ],
  "id" : "f8369f735a5a40069632957101e6b389",
  "userName" : "idcsusersept39",
  "name" : {
    "familyName" : "IDCSUSERSEPT39",
    "givenName" : "IDCSUSERSEPT39"
  },
  "emails" : [ {
    "value" : "IDCSUSERSEPT39@oracle.com",
    "type" : "work"
  } ],
  "active" : true,
  "meta" : {
    "created" : "2023-09-26T10:00:27Z",
    "lastModified" : "2023-09-26T10:00:27Z",
    "location" : "https://migtenantqa1-hs-sso-stg.iams.hs.ocs.oraclecloud.com:443/scimgateway/v1/migtenantqa1/Users/f8369f735a5a40069632957101e6b389",
    "resourceType" : "User"
  }
} 
2023-09-26 15:32:46,231 - INFO - Request 39 Response Code: 200 
2023-09-26 15:32:46,231 - INFO - Request 40 Response: {
  "schemas" : [ "urn:scim:schemas:core:2.0:User" ],
  "id" : "425912622800494bb4d44425598b7688",
  "userName" : "idcsusersept40",
  "name" : {
    "familyName" : "IDCSUSERSEPT40",
    "givenName" : "IDCSUSERSEPT40"
  },
  "emails" : [ {
    "value" : "IDCSUSERSEPT40@oracle.com",
    "type" : "work"
  } ],
  "active" : true,
  "meta" : {
    "created" : "2023-09-26T10:00:46Z",
    "lastModified" : "2023-09-26T10:00:46Z",
    "location" : "https://migtenantqa1-hs-sso-stg.iams.hs.ocs.oraclecloud.com:443/scimgateway/v1/migtenantqa1/Users/425912622800494bb4d44425598b7688",
    "resourceType" : "User"
  }
} 
2023-09-26 15:32:46,231 - INFO - Request 40 Response Code: 200 
2023-09-26 15:32:46,231 - INFO - Request 41 Response: {
  "schemas" : [ "urn:scim:schemas:core:2.0:User" ],
  "id" : "2fe00e6302444316be37e4fcf6590328",
  "userName" : "idcsusersept41",
  "name" : {
    "familyName" : "IDCSUSERSEPT41",
    "givenName" : "IDCSUSERSEPT41"
  },
  "emails" : [ {
    "value" : "IDCSUSERSEPT41@oracle.com",
    "type" : "work"
  } ],
  "active" : true,
  "meta" : {
    "created" : "2023-09-26T10:00:38Z",
    "lastModified" : "2023-09-26T10:00:38Z",
    "location" : "https://migtenantqa1-hs-sso-stg.iams.hs.ocs.oraclecloud.com:443/scimgateway/v1/migtenantqa1/Users/2fe00e6302444316be37e4fcf6590328",
    "resourceType" : "User"
  }
} 
2023-09-26 15:32:46,231 - INFO - Request 41 Response Code: 200 
2023-09-26 15:32:46,231 - INFO - Request 42 Response: {
  "schemas" : [ "urn:scim:schemas:core:2.0:User" ],
  "id" : "fea822288a9241a49988c9abcceb8693",
  "userName" : "idcsusersept42",
  "name" : {
    "familyName" : "IDCSUSERSEPT42",
    "givenName" : "IDCSUSERSEPT42"
  },
  "emails" : [ {
    "value" : "IDCSUSERSEPT42@oracle.com",
    "type" : "work"
  } ],
  "active" : true,
  "meta" : {
    "created" : "2023-09-26T10:00:44Z",
    "lastModified" : "2023-09-26T10:00:44Z",
    "location" : "https://migtenantqa1-hs-sso-stg.iams.hs.ocs.oraclecloud.com:443/scimgateway/v1/migtenantqa1/Users/fea822288a9241a49988c9abcceb8693",
    "resourceType" : "User"
  }
} 
2023-09-26 15:32:46,231 - INFO - Request 42 Response Code: 200 
2023-09-26 15:32:46,231 - INFO - Request 43 Response: {
  "schemas" : [ "urn:scim:schemas:core:2.0:User" ],
  "id" : "991c1f987db649099d4fcb7036bbdba2",
  "userName" : "idcsusersept43",
  "name" : {
    "familyName" : "IDCSUSERSEPT43",
    "givenName" : "IDCSUSERSEPT43"
  },
  "emails" : [ {
    "value" : "IDCSUSERSEPT43@oracle.com",
    "type" : "work"
  } ],
  "active" : true,
  "meta" : {
    "created" : "2023-09-26T10:01:02Z",
    "lastModified" : "2023-09-26T10:01:02Z",
    "location" : "https://migtenantqa1-hs-sso-stg.iams.hs.ocs.oraclecloud.com:443/scimgateway/v1/migtenantqa1/Users/991c1f987db649099d4fcb7036bbdba2",
    "resourceType" : "User"
  }
} 
2023-09-26 15:32:46,231 - INFO - Request 43 Response Code: 200 
2023-09-26 15:32:46,231 - INFO - Request 44 Response: {
  "schemas" : [ "urn:scim:schemas:core:2.0:User" ],
  "id" : "aca814a7ca0b4a53b3488f6b3847e338",
  "userName" : "idcsusersept44",
  "name" : {
    "familyName" : "IDCSUSERSEPT44",
    "givenName" : "IDCSUSERSEPT44"
  },
  "emails" : [ {
    "value" : "IDCSUSERSEPT44@oracle.com",
    "type" : "work"
  } ],
  "active" : true,
  "meta" : {
    "created" : "2023-09-26T10:00:39Z",
    "lastModified" : "2023-09-26T10:00:39Z",
    "location" : "https://migtenantqa1-hs-sso-stg.iams.hs.ocs.oraclecloud.com:443/scimgateway/v1/migtenantqa1/Users/aca814a7ca0b4a53b3488f6b3847e338",
    "resourceType" : "User"
  }
} 
2023-09-26 15:32:46,231 - INFO - Request 44 Response Code: 200 
2023-09-26 15:32:46,231 - INFO - Request 45 Response: {
  "schemas" : [ "urn:scim:schemas:core:2.0:User" ],
  "id" : "402f25702ca74d18a2d87e47bde574a3",
  "userName" : "idcsusersept45",
  "name" : {
    "familyName" : "IDCSUSERSEPT45",
    "givenName" : "IDCSUSERSEPT45"
  },
  "emails" : [ {
    "value" : "IDCSUSERSEPT45@oracle.com",
    "type" : "work"
  } ],
  "active" : true,
  "meta" : {
    "created" : "2023-09-26T10:00:33Z",
    "lastModified" : "2023-09-26T10:00:33Z",
    "location" : "https://migtenantqa1-hs-sso-stg.iams.hs.ocs.oraclecloud.com:443/scimgateway/v1/migtenantqa1/Users/402f25702ca74d18a2d87e47bde574a3",
    "resourceType" : "User"
  }
} 
2023-09-26 15:32:46,231 - INFO - Request 45 Response Code: 200 
2023-09-26 15:32:46,231 - INFO - Request 46 Response: {
  "schemas" : [ "urn:scim:schemas:core:2.0:User" ],
  "id" : "085271c7b70e4e9a9219c69d75659b6c",
  "userName" : "idcsusersept46",
  "name" : {
    "familyName" : "IDCSUSERSEPT46",
    "givenName" : "IDCSUSERSEPT46"
  },
  "emails" : [ {
    "value" : "IDCSUSERSEPT46@oracle.com",
    "type" : "work"
  } ],
  "active" : true,
  "meta" : {
    "created" : "2023-09-26T10:00:36Z",
    "lastModified" : "2023-09-26T10:00:36Z",
    "location" : "https://migtenantqa1-hs-sso-stg.iams.hs.ocs.oraclecloud.com:443/scimgateway/v1/migtenantqa1/Users/085271c7b70e4e9a9219c69d75659b6c",
    "resourceType" : "User"
  }
} 
2023-09-26 15:32:46,231 - INFO - Request 46 Response Code: 200 
2023-09-26 15:32:46,232 - INFO - Request 47 Response: {
  "schemas" : [ "urn:scim:schemas:core:2.0:User" ],
  "id" : "4213a1a8ec8e495b9cc25e08c55ffa64",
  "userName" : "idcsusersept47",
  "name" : {
    "familyName" : "IDCSUSERSEPT47",
    "givenName" : "IDCSUSERSEPT47"
  },
  "emails" : [ {
    "value" : "IDCSUSERSEPT47@oracle.com",
    "type" : "work"
  } ],
  "active" : true,
  "meta" : {
    "created" : "2023-09-26T10:00:44Z",
    "lastModified" : "2023-09-26T10:00:44Z",
    "location" : "https://migtenantqa1-hs-sso-stg.iams.hs.ocs.oraclecloud.com:443/scimgateway/v1/migtenantqa1/Users/4213a1a8ec8e495b9cc25e08c55ffa64",
    "resourceType" : "User"
  }
} 
2023-09-26 15:32:46,232 - INFO - Request 47 Response Code: 200 
2023-09-26 15:32:46,232 - INFO - Request 48 Response: {
  "schemas" : [ "urn:scim:schemas:core:2.0:Error" ],
  "errors" : [ {
    "description" : "User Validation Failed.",
    "code" : "400"
  } ]
} 
2023-09-26 15:32:46,232 - INFO - Request 48 Response Code: 500 
2023-09-26 15:32:46,232 - INFO - Request 49 Response: {
  "schemas" : [ "urn:scim:schemas:core:2.0:User" ],
  "id" : "a17104ade24d4c1d8dd4f07c80541165",
  "userName" : "idcsusersept49",
  "name" : {
    "familyName" : "IDCSUSERSEPT49",
    "givenName" : "IDCSUSERSEPT49"
  },
  "emails" : [ {
    "value" : "IDCSUSERSEPT49@oracle.com",
    "type" : "work"
  } ],
  "active" : true,
  "meta" : {
    "created" : "2023-09-26T10:00:41Z",
    "lastModified" : "2023-09-26T10:00:41Z",
    "location" : "https://migtenantqa1-hs-sso-stg.iams.hs.ocs.oraclecloud.com:443/scimgateway/v1/migtenantqa1/Users/a17104ade24d4c1d8dd4f07c80541165",
    "resourceType" : "User"
  }
} 
2023-09-26 15:32:46,232 - INFO - Request 49 Response Code: 200 
2023-09-26 15:32:46,232 - INFO - Request 50 Response: {
  "schemas" : [ "urn:scim:schemas:core:2.0:User" ],
  "id" : "2fb0b977cebf431fb7cc2bc437841c8a",
  "userName" : "idcsusersept50",
  "name" : {
    "familyName" : "IDCSUSERSEPT50",
    "givenName" : "IDCSUSERSEPT50"
  },
  "emails" : [ {
    "value" : "IDCSUSERSEPT50@oracle.com",
    "type" : "work"
  } ],
  "active" : true,
  "meta" : {
    "created" : "2023-09-26T10:00:42Z",
    "lastModified" : "2023-09-26T10:00:42Z",
    "location" : "https://migtenantqa1-hs-sso-stg.iams.hs.ocs.oraclecloud.com:443/scimgateway/v1/migtenantqa1/Users/2fb0b977cebf431fb7cc2bc437841c8a",
    "resourceType" : "User"
  }
} 
2023-09-26 15:32:46,232 - INFO - Request 50 Response Code: 200 
2023-09-26 15:32:46,232 - INFO - Request 51 Response: {
  "schemas" : [ "urn:scim:schemas:core:2.0:User" ],
  "id" : "a342255f814f4cafaa36c0ace926e4e9",
  "userName" : "idcsusersept51",
  "name" : {
    "familyName" : "IDCSUSERSEPT51",
    "givenName" : "IDCSUSERSEPT51"
  },
  "emails" : [ {
    "value" : "IDCSUSERSEPT51@oracle.com",
    "type" : "work"
  } ],
  "active" : true,
  "meta" : {
    "created" : "2023-09-26T10:01:11Z",
    "lastModified" : "2023-09-26T10:01:11Z",
    "location" : "https://migtenantqa1-hs-sso-stg.iams.hs.ocs.oraclecloud.com:443/scimgateway/v1/migtenantqa1/Users/a342255f814f4cafaa36c0ace926e4e9",
    "resourceType" : "User"
  }
} 
2023-09-26 15:32:46,232 - INFO - Request 51 Response Code: 200 
2023-09-26 15:32:46,232 - INFO - Request 52 Response: {
  "schemas" : [ "urn:scim:schemas:core:2.0:User" ],
  "id" : "72857f81fcf44e0ea6cf1585507fddbb",
  "userName" : "idcsusersept52",
  "name" : {
    "familyName" : "IDCSUSERSEPT52",
    "givenName" : "IDCSUSERSEPT52"
  },
  "emails" : [ {
    "value" : "IDCSUSERSEPT52@oracle.com",
    "type" : "work"
  } ],
  "active" : true,
  "meta" : {
    "created" : "2023-09-26T10:00:51Z",
    "lastModified" : "2023-09-26T10:00:51Z",
    "location" : "https://migtenantqa1-hs-sso-stg.iams.hs.ocs.oraclecloud.com:443/scimgateway/v1/migtenantqa1/Users/72857f81fcf44e0ea6cf1585507fddbb",
    "resourceType" : "User"
  }
} 
2023-09-26 15:32:46,232 - INFO - Request 52 Response Code: 200 
2023-09-26 15:32:46,232 - INFO - Request 53 Response: {
  "schemas" : [ "urn:scim:schemas:core:2.0:User" ],
  "id" : "18946b02d1cc478ba806f0b515c8f1f0",
  "userName" : "idcsusersept53",
  "name" : {
    "familyName" : "IDCSUSERSEPT53",
    "givenName" : "IDCSUSERSEPT53"
  },
  "emails" : [ {
    "value" : "IDCSUSERSEPT53@oracle.com",
    "type" : "work"
  } ],
  "active" : true,
  "meta" : {
    "created" : "2023-09-26T10:00:47Z",
    "lastModified" : "2023-09-26T10:00:47Z",
    "location" : "https://migtenantqa1-hs-sso-stg.iams.hs.ocs.oraclecloud.com:443/scimgateway/v1/migtenantqa1/Users/18946b02d1cc478ba806f0b515c8f1f0",
    "resourceType" : "User"
  }
} 
2023-09-26 15:32:46,232 - INFO - Request 53 Response Code: 200 
2023-09-26 15:32:46,232 - INFO - Request 54 Response: {
  "schemas" : [ "urn:scim:schemas:core:2.0:User" ],
  "id" : "669457588b5148ac99498861952a6658",
  "userName" : "idcsusersept54",
  "name" : {
    "familyName" : "IDCSUSERSEPT54",
    "givenName" : "IDCSUSERSEPT54"
  },
  "emails" : [ {
    "value" : "IDCSUSERSEPT54@oracle.com",
    "type" : "work"
  } ],
  "active" : true,
  "meta" : {
    "created" : "2023-09-26T10:00:59Z",
    "lastModified" : "2023-09-26T10:00:59Z",
    "location" : "https://migtenantqa1-hs-sso-stg.iams.hs.ocs.oraclecloud.com:443/scimgateway/v1/migtenantqa1/Users/669457588b5148ac99498861952a6658",
    "resourceType" : "User"
  }
} 
2023-09-26 15:32:46,232 - INFO - Request 54 Response Code: 200 
2023-09-26 15:32:46,232 - INFO - Request 55 Response: {
  "schemas" : [ "urn:scim:schemas:core:2.0:User" ],
  "id" : "df61bfdef2974a33ae95575ce03010a7",
  "userName" : "idcsusersept55",
  "name" : {
    "familyName" : "IDCSUSERSEPT55",
    "givenName" : "IDCSUSERSEPT55"
  },
  "emails" : [ {
    "value" : "IDCSUSERSEPT55@oracle.com",
    "type" : "work"
  } ],
  "active" : true,
  "meta" : {
    "created" : "2023-09-26T10:00:49Z",
    "lastModified" : "2023-09-26T10:00:49Z",
    "location" : "https://migtenantqa1-hs-sso-stg.iams.hs.ocs.oraclecloud.com:443/scimgateway/v1/migtenantqa1/Users/df61bfdef2974a33ae95575ce03010a7",
    "resourceType" : "User"
  }
} 
2023-09-26 15:32:46,232 - INFO - Request 55 Response Code: 200 
2023-09-26 15:32:46,232 - INFO - Request 56 Response: {
  "schemas" : [ "urn:scim:schemas:core:2.0:User" ],
  "id" : "b80b4b2af34d4809aff9ec79c6ddec1a",
  "userName" : "idcsusersept56",
  "name" : {
    "familyName" : "IDCSUSERSEPT56",
    "givenName" : "IDCSUSERSEPT56"
  },
  "emails" : [ {
    "value" : "IDCSUSERSEPT56@oracle.com",
    "type" : "work"
  } ],
  "active" : true,
  "meta" : {
    "created" : "2023-09-26T10:00:52Z",
    "lastModified" : "2023-09-26T10:00:52Z",
    "location" : "https://migtenantqa1-hs-sso-stg.iams.hs.ocs.oraclecloud.com:443/scimgateway/v1/migtenantqa1/Users/b80b4b2af34d4809aff9ec79c6ddec1a",
    "resourceType" : "User"
  }
} 
2023-09-26 15:32:46,232 - INFO - Request 56 Response Code: 200 
2023-09-26 15:32:46,232 - INFO - Request 57 Response: {
  "schemas" : [ "urn:scim:schemas:core:2.0:User" ],
  "id" : "c0909ee709834d09a174017681315478",
  "userName" : "idcsusersept57",
  "name" : {
    "familyName" : "IDCSUSERSEPT57",
    "givenName" : "IDCSUSERSEPT57"
  },
  "emails" : [ {
    "value" : "IDCSUSERSEPT57@oracle.com",
    "type" : "work"
  } ],
  "active" : true,
  "meta" : {
    "created" : "2023-09-26T10:00:58Z",
    "lastModified" : "2023-09-26T10:00:58Z",
    "location" : "https://migtenantqa1-hs-sso-stg.iams.hs.ocs.oraclecloud.com:443/scimgateway/v1/migtenantqa1/Users/c0909ee709834d09a174017681315478",
    "resourceType" : "User"
  }
} 
2023-09-26 15:32:46,232 - INFO - Request 57 Response Code: 200 
2023-09-26 15:32:46,232 - INFO - Request 58 Response: {
  "schemas" : [ "urn:scim:schemas:core:2.0:User" ],
  "id" : "b1378242e68849ca95909298a75370c8",
  "userName" : "idcsusersept58",
  "name" : {
    "familyName" : "IDCSUSERSEPT58",
    "givenName" : "IDCSUSERSEPT58"
  },
  "emails" : [ {
    "value" : "IDCSUSERSEPT58@oracle.com",
    "type" : "work"
  } ],
  "active" : true,
  "meta" : {
    "created" : "2023-09-26T10:00:53Z",
    "lastModified" : "2023-09-26T10:00:53Z",
    "location" : "https://migtenantqa1-hs-sso-stg.iams.hs.ocs.oraclecloud.com:443/scimgateway/v1/migtenantqa1/Users/b1378242e68849ca95909298a75370c8",
    "resourceType" : "User"
  }
} 
2023-09-26 15:32:46,232 - INFO - Request 58 Response Code: 200 
2023-09-26 15:32:46,232 - INFO - Request 59 Response: {
  "schemas" : [ "urn:scim:schemas:core:2.0:User" ],
  "id" : "c18e686f2d8441b28ba551874aac1070",
  "userName" : "idcsusersept59",
  "name" : {
    "familyName" : "IDCSUSERSEPT59",
    "givenName" : "IDCSUSERSEPT59"
  },
  "emails" : [ {
    "value" : "IDCSUSERSEPT59@oracle.com",
    "type" : "work"
  } ],
  "active" : true,
  "meta" : {
    "created" : "2023-09-26T10:00:55Z",
    "lastModified" : "2023-09-26T10:00:55Z",
    "location" : "https://migtenantqa1-hs-sso-stg.iams.hs.ocs.oraclecloud.com:443/scimgateway/v1/migtenantqa1/Users/c18e686f2d8441b28ba551874aac1070",
    "resourceType" : "User"
  }
} 
2023-09-26 15:32:46,232 - INFO - Request 59 Response Code: 200 
2023-09-26 15:32:46,232 - INFO - Request 60 Response: {
  "schemas" : [ "urn:scim:schemas:core:2.0:User" ],
  "id" : "3088d6c3eaaa47a195ca72f1e475e6ee",
  "userName" : "idcsusersept60",
  "name" : {
    "familyName" : "IDCSUSERSEPT60",
    "givenName" : "IDCSUSERSEPT60"
  },
  "emails" : [ {
    "value" : "IDCSUSERSEPT60@oracle.com",
    "type" : "work"
  } ],
  "active" : true,
  "meta" : {
    "created" : "2023-09-26T10:01:09Z",
    "lastModified" : "2023-09-26T10:01:09Z",
    "location" : "https://migtenantqa1-hs-sso-stg.iams.hs.ocs.oraclecloud.com:443/scimgateway/v1/migtenantqa1/Users/3088d6c3eaaa47a195ca72f1e475e6ee",
    "resourceType" : "User"
  }
} 
2023-09-26 15:32:46,233 - INFO - Request 60 Response Code: 200 
2023-09-26 15:32:46,233 - INFO - Request 61 Response: {
  "schemas" : [ "urn:scim:schemas:core:2.0:User" ],
  "id" : "6207bb87cd824928b3ad1494d91eb6c3",
  "userName" : "idcsusersept61",
  "name" : {
    "familyName" : "IDCSUSERSEPT61",
    "givenName" : "IDCSUSERSEPT61"
  },
  "emails" : [ {
    "value" : "IDCSUSERSEPT61@oracle.com",
    "type" : "work"
  } ],
  "active" : true,
  "meta" : {
    "created" : "2023-09-26T10:00:56Z",
    "lastModified" : "2023-09-26T10:00:56Z",
    "location" : "https://migtenantqa1-hs-sso-stg.iams.hs.ocs.oraclecloud.com:443/scimgateway/v1/migtenantqa1/Users/6207bb87cd824928b3ad1494d91eb6c3",
    "resourceType" : "User"
  }
} 
2023-09-26 15:32:46,233 - INFO - Request 61 Response Code: 200 
2023-09-26 15:32:46,233 - INFO - Request 62 Response: {
  "schemas" : [ "urn:scim:schemas:core:2.0:User" ],
  "id" : "0ed39aa8456247ccb7c926685dcf52c4",
  "userName" : "idcsusersept62",
  "name" : {
    "familyName" : "IDCSUSERSEPT62",
    "givenName" : "IDCSUSERSEPT62"
  },
  "emails" : [ {
    "value" : "IDCSUSERSEPT62@oracle.com",
    "type" : "work"
  } ],
  "active" : true,
  "meta" : {
    "created" : "2023-09-26T10:01:06Z",
    "lastModified" : "2023-09-26T10:01:06Z",
    "location" : "https://migtenantqa1-hs-sso-stg.iams.hs.ocs.oraclecloud.com:443/scimgateway/v1/migtenantqa1/Users/0ed39aa8456247ccb7c926685dcf52c4",
    "resourceType" : "User"
  }
} 
2023-09-26 15:32:46,233 - INFO - Request 62 Response Code: 200 
2023-09-26 15:32:46,233 - INFO - Request 63 Response: {
  "schemas" : [ "urn:scim:schemas:core:2.0:User" ],
  "id" : "2b67d3893ca84bad8e15b6a9f1aecd02",
  "userName" : "idcsusersept63",
  "name" : {
    "familyName" : "IDCSUSERSEPT63",
    "givenName" : "IDCSUSERSEPT63"
  },
  "emails" : [ {
    "value" : "IDCSUSERSEPT63@oracle.com",
    "type" : "work"
  } ],
  "active" : true,
  "meta" : {
    "created" : "2023-09-26T10:01:01Z",
    "lastModified" : "2023-09-26T10:01:01Z",
    "location" : "https://migtenantqa1-hs-sso-stg.iams.hs.ocs.oraclecloud.com:443/scimgateway/v1/migtenantqa1/Users/2b67d3893ca84bad8e15b6a9f1aecd02",
    "resourceType" : "User"
  }
} 
2023-09-26 15:32:46,233 - INFO - Request 63 Response Code: 200 
2023-09-26 15:32:46,233 - INFO - Request 64 Response: {
  "schemas" : [ "urn:scim:schemas:core:2.0:User" ],
  "id" : "5a16e0af20c7436db61e7f4a74e4f818",
  "userName" : "idcsusersept64",
  "name" : {
    "familyName" : "IDCSUSERSEPT64",
    "givenName" : "IDCSUSERSEPT64"
  },
  "emails" : [ {
    "value" : "IDCSUSERSEPT64@oracle.com",
    "type" : "work"
  } ],
  "active" : true,
  "meta" : {
    "created" : "2023-09-26T10:01:04Z",
    "lastModified" : "2023-09-26T10:01:04Z",
    "location" : "https://migtenantqa1-hs-sso-stg.iams.hs.ocs.oraclecloud.com:443/scimgateway/v1/migtenantqa1/Users/5a16e0af20c7436db61e7f4a74e4f818",
    "resourceType" : "User"
  }
} 
2023-09-26 15:32:46,233 - INFO - Request 64 Response Code: 200 
2023-09-26 15:32:46,233 - INFO - Request 65 Response: {
  "schemas" : [ "urn:scim:schemas:core:2.0:User" ],
  "id" : "b4d69d0113f94a5bab94489a516c455a",
  "userName" : "idcsusersept65",
  "name" : {
    "familyName" : "IDCSUSERSEPT65",
    "givenName" : "IDCSUSERSEPT65"
  },
  "emails" : [ {
    "value" : "IDCSUSERSEPT65@oracle.com",
    "type" : "work"
  } ],
  "active" : true,
  "meta" : {
    "created" : "2023-09-26T10:01:30Z",
    "lastModified" : "2023-09-26T10:01:30Z",
    "location" : "https://migtenantqa1-hs-sso-stg.iams.hs.ocs.oraclecloud.com:443/scimgateway/v1/migtenantqa1/Users/b4d69d0113f94a5bab94489a516c455a",
    "resourceType" : "User"
  }
} 
2023-09-26 15:32:46,233 - INFO - Request 65 Response Code: 200 
2023-09-26 15:32:46,233 - INFO - Request 66 Response: {
  "schemas" : [ "urn:scim:schemas:core:2.0:User" ],
  "id" : "f5adec115d1a49579758b25418750e37",
  "userName" : "idcsusersept66",
  "name" : {
    "familyName" : "IDCSUSERSEPT66",
    "givenName" : "IDCSUSERSEPT66"
  },
  "emails" : [ {
    "value" : "IDCSUSERSEPT66@oracle.com",
    "type" : "work"
  } ],
  "active" : true,
  "meta" : {
    "created" : "2023-09-26T10:01:08Z",
    "lastModified" : "2023-09-26T10:01:08Z",
    "location" : "https://migtenantqa1-hs-sso-stg.iams.hs.ocs.oraclecloud.com:443/scimgateway/v1/migtenantqa1/Users/f5adec115d1a49579758b25418750e37",
    "resourceType" : "User"
  }
} 
2023-09-26 15:32:46,233 - INFO - Request 66 Response Code: 200 
2023-09-26 15:32:46,233 - INFO - Request 67 Response: <html>
<head><title>504 Gateway Time-out</title></head>
<body>
<center><h1>504 Gateway Time-out</h1></center>
<hr><center></center>
</body>
</html>
 
2023-09-26 15:32:46,233 - INFO - Request 67 Response Code: 504 
2023-09-26 15:32:46,233 - INFO - Request 68 Response: <html>
<head><title>504 Gateway Time-out</title></head>
<body>
<center><h1>504 Gateway Time-out</h1></center>
<hr><center></center>
</body>
</html>
 
2023-09-26 15:32:46,233 - INFO - Request 68 Response Code: 504 
2023-09-26 15:32:46,233 - INFO - Request 69 Response: {
  "schemas" : [ "urn:scim:schemas:core:2.0:User" ],
  "id" : "388c690b09e349ce8c5c8d781cbc7269",
  "userName" : "idcsusersept69",
  "name" : {
    "familyName" : "IDCSUSERSEPT69",
    "givenName" : "IDCSUSERSEPT69"
  },
  "emails" : [ {
    "value" : "IDCSUSERSEPT69@oracle.com",
    "type" : "work"
  } ],
  "active" : true,
  "meta" : {
    "created" : "2023-09-26T10:01:43Z",
    "lastModified" : "2023-09-26T10:01:43Z",
    "location" : "https://migtenantqa1-hs-sso-stg.iams.hs.ocs.oraclecloud.com:443/scimgateway/v1/migtenantqa1/Users/388c690b09e349ce8c5c8d781cbc7269",
    "resourceType" : "User"
  }
} 
2023-09-26 15:32:46,233 - INFO - Request 69 Response Code: 200 
2023-09-26 15:32:46,233 - INFO - Request 70 Response: {
  "schemas" : [ "urn:scim:schemas:core:2.0:User" ],
  "id" : "cdcc65b3c04f423e9a1881c076ebd8f2",
  "userName" : "idcsusersept70",
  "name" : {
    "familyName" : "IDCSUSERSEPT70",
    "givenName" : "IDCSUSERSEPT70"
  },
  "emails" : [ {
    "value" : "IDCSUSERSEPT70@oracle.com",
    "type" : "work"
  } ],
  "active" : true,
  "meta" : {
    "created" : "2023-09-26T10:01:14Z",
    "lastModified" : "2023-09-26T10:01:14Z",
    "location" : "https://migtenantqa1-hs-sso-stg.iams.hs.ocs.oraclecloud.com:443/scimgateway/v1/migtenantqa1/Users/cdcc65b3c04f423e9a1881c076ebd8f2",
    "resourceType" : "User"
  }
} 
2023-09-26 15:32:46,233 - INFO - Request 70 Response Code: 200 
2023-09-26 15:32:46,233 - INFO - Request 71 Response: {
  "schemas" : [ "urn:scim:schemas:core:2.0:User" ],
  "id" : "f15a95a97bcd400283255dcad39e3a88",
  "userName" : "idcsusersept71",
  "name" : {
    "familyName" : "IDCSUSERSEPT71",
    "givenName" : "IDCSUSERSEPT71"
  },
  "emails" : [ {
    "value" : "IDCSUSERSEPT71@oracle.com",
    "type" : "work"
  } ],
  "active" : true,
  "meta" : {
    "created" : "2023-09-26T10:01:19Z",
    "lastModified" : "2023-09-26T10:01:19Z",
    "location" : "https://migtenantqa1-hs-sso-stg.iams.hs.ocs.oraclecloud.com:443/scimgateway/v1/migtenantqa1/Users/f15a95a97bcd400283255dcad39e3a88",
    "resourceType" : "User"
  }
} 
2023-09-26 15:32:46,233 - INFO - Request 71 Response Code: 200 
2023-09-26 15:32:46,233 - INFO - Request 72 Response: {
  "schemas" : [ "urn:scim:schemas:core:2.0:User" ],
  "id" : "fd699a086d954a118a1539c6e37288c6",
  "userName" : "idcsusersept72",
  "name" : {
    "familyName" : "IDCSUSERSEPT72",
    "givenName" : "IDCSUSERSEPT72"
  },
  "emails" : [ {
    "value" : "IDCSUSERSEPT72@oracle.com",
    "type" : "work"
  } ],
  "active" : true,
  "meta" : {
    "created" : "2023-09-26T10:01:18Z",
    "lastModified" : "2023-09-26T10:01:18Z",
    "location" : "https://migtenantqa1-hs-sso-stg.iams.hs.ocs.oraclecloud.com:443/scimgateway/v1/migtenantqa1/Users/fd699a086d954a118a1539c6e37288c6",
    "resourceType" : "User"
  }
} 
2023-09-26 15:32:46,233 - INFO - Request 72 Response Code: 200 
2023-09-26 15:32:46,233 - INFO - Request 73 Response: {
  "schemas" : [ "urn:scim:schemas:core:2.0:User" ],
  "id" : "b8bec1dabda54b04ae08cecdab6d5f3e",
  "userName" : "idcsusersept73",
  "name" : {
    "familyName" : "IDCSUSERSEPT73",
    "givenName" : "IDCSUSERSEPT73"
  },
  "emails" : [ {
    "value" : "IDCSUSERSEPT73@oracle.com",
    "type" : "work"
  } ],
  "active" : true,
  "meta" : {
    "created" : "2023-09-26T10:01:41Z",
    "lastModified" : "2023-09-26T10:01:41Z",
    "location" : "https://migtenantqa1-hs-sso-stg.iams.hs.ocs.oraclecloud.com:443/scimgateway/v1/migtenantqa1/Users/b8bec1dabda54b04ae08cecdab6d5f3e",
    "resourceType" : "User"
  }
} 
2023-09-26 15:32:46,234 - INFO - Request 73 Response Code: 200 
2023-09-26 15:32:46,234 - INFO - Request 74 Response: {
  "schemas" : [ "urn:scim:schemas:core:2.0:User" ],
  "id" : "5dc6dd6878f44693a6f2cdaeb1904ddf",
  "userName" : "idcsusersept74",
  "name" : {
    "familyName" : "IDCSUSERSEPT74",
    "givenName" : "IDCSUSERSEPT74"
  },
  "emails" : [ {
    "value" : "IDCSUSERSEPT74@oracle.com",
    "type" : "work"
  } ],
  "active" : true,
  "meta" : {
    "created" : "2023-09-26T10:01:51Z",
    "lastModified" : "2023-09-26T10:01:51Z",
    "location" : "https://migtenantqa1-hs-sso-stg.iams.hs.ocs.oraclecloud.com:443/scimgateway/v1/migtenantqa1/Users/5dc6dd6878f44693a6f2cdaeb1904ddf",
    "resourceType" : "User"
  }
} 
2023-09-26 15:32:46,234 - INFO - Request 74 Response Code: 200 
2023-09-26 15:32:46,234 - INFO - Request 75 Response: {
  "schemas" : [ "urn:scim:schemas:core:2.0:User" ],
  "id" : "e808b01be1e147ea90d7edd99727933b",
  "userName" : "idcsusersept75",
  "name" : {
    "familyName" : "IDCSUSERSEPT75",
    "givenName" : "IDCSUSERSEPT75"
  },
  "emails" : [ {
    "value" : "IDCSUSERSEPT75@oracle.com",
    "type" : "work"
  } ],
  "active" : true,
  "meta" : {
    "created" : "2023-09-26T10:01:46Z",
    "lastModified" : "2023-09-26T10:01:46Z",
    "location" : "https://migtenantqa1-hs-sso-stg.iams.hs.ocs.oraclecloud.com:443/scimgateway/v1/migtenantqa1/Users/e808b01be1e147ea90d7edd99727933b",
    "resourceType" : "User"
  }
} 
2023-09-26 15:32:46,234 - INFO - Request 75 Response Code: 200 
2023-09-26 15:32:46,234 - INFO - Request 76 Response: {
  "schemas" : [ "urn:scim:schemas:core:2.0:User" ],
  "id" : "0b5de7c8420d487792406ef19d6f4afc",
  "userName" : "idcsusersept76",
  "name" : {
    "familyName" : "IDCSUSERSEPT76",
    "givenName" : "IDCSUSERSEPT76"
  },
  "emails" : [ {
    "value" : "IDCSUSERSEPT76@oracle.com",
    "type" : "work"
  } ],
  "active" : true,
  "meta" : {
    "created" : "2023-09-26T10:01:42Z",
    "lastModified" : "2023-09-26T10:01:42Z",
    "location" : "https://migtenantqa1-hs-sso-stg.iams.hs.ocs.oraclecloud.com:443/scimgateway/v1/migtenantqa1/Users/0b5de7c8420d487792406ef19d6f4afc",
    "resourceType" : "User"
  }
} 
2023-09-26 15:32:46,234 - INFO - Request 76 Response Code: 200 
2023-09-26 15:32:46,234 - INFO - Request 77 Response: {
  "schemas" : [ "urn:scim:schemas:core:2.0:User" ],
  "id" : "bba4830c608b4cf18532e9f5963565b3",
  "userName" : "idcsusersept77",
  "name" : {
    "familyName" : "IDCSUSERSEPT77",
    "givenName" : "IDCSUSERSEPT77"
  },
  "emails" : [ {
    "value" : "IDCSUSERSEPT77@oracle.com",
    "type" : "work"
  } ],
  "active" : true,
  "meta" : {
    "created" : "2023-09-26T10:02:12Z",
    "lastModified" : "2023-09-26T10:02:12Z",
    "location" : "https://migtenantqa1-hs-sso-stg.iams.hs.ocs.oraclecloud.com:443/scimgateway/v1/migtenantqa1/Users/bba4830c608b4cf18532e9f5963565b3",
    "resourceType" : "User"
  }
} 
2023-09-26 15:32:46,234 - INFO - Request 77 Response Code: 200 
2023-09-26 15:32:46,234 - INFO - Request 78 Response: {
  "schemas" : [ "urn:scim:schemas:core:2.0:User" ],
  "id" : "48e599dc9a3a4f42b6711182e8c23f9c",
  "userName" : "idcsusersept78",
  "name" : {
    "familyName" : "IDCSUSERSEPT78",
    "givenName" : "IDCSUSERSEPT78"
  },
  "emails" : [ {
    "value" : "IDCSUSERSEPT78@oracle.com",
    "type" : "work"
  } ],
  "active" : true,
  "meta" : {
    "created" : "2023-09-26T10:01:49Z",
    "lastModified" : "2023-09-26T10:01:49Z",
    "location" : "https://migtenantqa1-hs-sso-stg.iams.hs.ocs.oraclecloud.com:443/scimgateway/v1/migtenantqa1/Users/48e599dc9a3a4f42b6711182e8c23f9c",
    "resourceType" : "User"
  }
} 
2023-09-26 15:32:46,234 - INFO - Request 78 Response Code: 200 
2023-09-26 15:32:46,234 - INFO - Request 79 Response: <html>
<head><title>504 Gateway Time-out</title></head>
<body>
<center><h1>504 Gateway Time-out</h1></center>
<hr><center></center>
</body>
</html>
 
2023-09-26 15:32:46,234 - INFO - Request 79 Response Code: 504 
2023-09-26 15:32:46,234 - INFO - Request 80 Response: {
  "schemas" : [ "urn:scim:schemas:core:2.0:User" ],
  "id" : "5068a67bd0dd4e3290754330811c727a",
  "userName" : "idcsusersept80",
  "name" : {
    "familyName" : "IDCSUSERSEPT80",
    "givenName" : "IDCSUSERSEPT80"
  },
  "emails" : [ {
    "value" : "IDCSUSERSEPT80@oracle.com",
    "type" : "work"
  } ],
  "active" : true,
  "meta" : {
    "created" : "2023-09-26T10:02:09Z",
    "lastModified" : "2023-09-26T10:02:09Z",
    "location" : "https://migtenantqa1-hs-sso-stg.iams.hs.ocs.oraclecloud.com:443/scimgateway/v1/migtenantqa1/Users/5068a67bd0dd4e3290754330811c727a",
    "resourceType" : "User"
  }
} 
2023-09-26 15:32:46,234 - INFO - Request 80 Response Code: 200 
2023-09-26 15:32:46,234 - INFO - Request 81 Response: {
  "schemas" : [ "urn:scim:schemas:core:2.0:User" ],
  "id" : "9611f40e56a745b6b7403c790021d42d",
  "userName" : "idcsusersept81",
  "name" : {
    "familyName" : "IDCSUSERSEPT81",
    "givenName" : "IDCSUSERSEPT81"
  },
  "emails" : [ {
    "value" : "IDCSUSERSEPT81@oracle.com",
    "type" : "work"
  } ],
  "active" : true,
  "meta" : {
    "created" : "2023-09-26T10:01:53Z",
    "lastModified" : "2023-09-26T10:01:53Z",
    "location" : "https://migtenantqa1-hs-sso-stg.iams.hs.ocs.oraclecloud.com:443/scimgateway/v1/migtenantqa1/Users/9611f40e56a745b6b7403c790021d42d",
    "resourceType" : "User"
  }
} 
2023-09-26 15:32:46,234 - INFO - Request 81 Response Code: 200 
2023-09-26 15:32:46,234 - INFO - Request 82 Response: {
  "schemas" : [ "urn:scim:schemas:core:2.0:User" ],
  "id" : "dac875ea9a84453a84e416a9148afff7",
  "userName" : "idcsusersept82",
  "name" : {
    "familyName" : "IDCSUSERSEPT82",
    "givenName" : "IDCSUSERSEPT82"
  },
  "emails" : [ {
    "value" : "IDCSUSERSEPT82@oracle.com",
    "type" : "work"
  } ],
  "active" : true,
  "meta" : {
    "created" : "2023-09-26T10:02:02Z",
    "lastModified" : "2023-09-26T10:02:02Z",
    "location" : "https://migtenantqa1-hs-sso-stg.iams.hs.ocs.oraclecloud.com:443/scimgateway/v1/migtenantqa1/Users/dac875ea9a84453a84e416a9148afff7",
    "resourceType" : "User"
  }
} 
2023-09-26 15:32:46,234 - INFO - Request 82 Response Code: 200 
2023-09-26 15:32:46,234 - INFO - Request 83 Response: {
  "schemas" : [ "urn:scim:schemas:core:2.0:User" ],
  "id" : "de7963b3810c45b8977d11744bc5f021",
  "userName" : "idcsusersept83",
  "name" : {
    "familyName" : "IDCSUSERSEPT83",
    "givenName" : "IDCSUSERSEPT83"
  },
  "emails" : [ {
    "value" : "IDCSUSERSEPT83@oracle.com",
    "type" : "work"
  } ],
  "active" : true,
  "meta" : {
    "created" : "2023-09-26T10:02:39Z",
    "lastModified" : "2023-09-26T10:02:39Z",
    "location" : "https://migtenantqa1-hs-sso-stg.iams.hs.ocs.oraclecloud.com:443/scimgateway/v1/migtenantqa1/Users/de7963b3810c45b8977d11744bc5f021",
    "resourceType" : "User"
  }
} 
2023-09-26 15:32:46,234 - INFO - Request 83 Response Code: 200 
2023-09-26 15:32:46,234 - INFO - Request 84 Response: {
  "schemas" : [ "urn:scim:schemas:core:2.0:User" ],
  "id" : "3953de5fa7ef49b1b439022c59c30a9c",
  "userName" : "idcsusersept84",
  "name" : {
    "familyName" : "IDCSUSERSEPT84",
    "givenName" : "IDCSUSERSEPT84"
  },
  "emails" : [ {
    "value" : "IDCSUSERSEPT84@oracle.com",
    "type" : "work"
  } ],
  "active" : true,
  "meta" : {
    "created" : "2023-09-26T10:02:32Z",
    "lastModified" : "2023-09-26T10:02:32Z",
    "location" : "https://migtenantqa1-hs-sso-stg.iams.hs.ocs.oraclecloud.com:443/scimgateway/v1/migtenantqa1/Users/3953de5fa7ef49b1b439022c59c30a9c",
    "resourceType" : "User"
  }
} 
2023-09-26 15:32:46,234 - INFO - Request 84 Response Code: 200 
2023-09-26 15:32:46,234 - INFO - Request 85 Response: {
  "schemas" : [ "urn:scim:schemas:core:2.0:User" ],
  "id" : "a7e4104ba83d4cf88ed955d802829f5f",
  "userName" : "idcsusersept85",
  "name" : {
    "familyName" : "IDCSUSERSEPT85",
    "givenName" : "IDCSUSERSEPT85"
  },
  "emails" : [ {
    "value" : "IDCSUSERSEPT85@oracle.com",
    "type" : "work"
  } ],
  "active" : true,
  "meta" : {
    "created" : "2023-09-26T10:02:06Z",
    "lastModified" : "2023-09-26T10:02:06Z",
    "location" : "https://migtenantqa1-hs-sso-stg.iams.hs.ocs.oraclecloud.com:443/scimgateway/v1/migtenantqa1/Users/a7e4104ba83d4cf88ed955d802829f5f",
    "resourceType" : "User"
  }
} 
2023-09-26 15:32:46,234 - INFO - Request 85 Response Code: 200 
2023-09-26 15:32:46,234 - INFO - Request 86 Response: {
  "schemas" : [ "urn:scim:schemas:core:2.0:User" ],
  "id" : "97c08779d5a44d7ead1446de21163f7f",
  "userName" : "idcsusersept86",
  "name" : {
    "familyName" : "IDCSUSERSEPT86",
    "givenName" : "IDCSUSERSEPT86"
  },
  "emails" : [ {
    "value" : "IDCSUSERSEPT86@oracle.com",
    "type" : "work"
  } ],
  "active" : true,
  "meta" : {
    "created" : "2023-09-26T10:01:57Z",
    "lastModified" : "2023-09-26T10:01:57Z",
    "location" : "https://migtenantqa1-hs-sso-stg.iams.hs.ocs.oraclecloud.com:443/scimgateway/v1/migtenantqa1/Users/97c08779d5a44d7ead1446de21163f7f",
    "resourceType" : "User"
  }
} 
2023-09-26 15:32:46,235 - INFO - Request 86 Response Code: 200 
2023-09-26 15:32:46,235 - INFO - Request 87 Response: {
  "schemas" : [ "urn:scim:schemas:core:2.0:User" ],
  "id" : "47a3f690fdbe4d5abfe09327f6e575bb",
  "userName" : "idcsusersept87",
  "name" : {
    "familyName" : "IDCSUSERSEPT87",
    "givenName" : "IDCSUSERSEPT87"
  },
  "emails" : [ {
    "value" : "IDCSUSERSEPT87@oracle.com",
    "type" : "work"
  } ],
  "active" : true,
  "meta" : {
    "created" : "2023-09-26T10:02:16Z",
    "lastModified" : "2023-09-26T10:02:16Z",
    "location" : "https://migtenantqa1-hs-sso-stg.iams.hs.ocs.oraclecloud.com:443/scimgateway/v1/migtenantqa1/Users/47a3f690fdbe4d5abfe09327f6e575bb",
    "resourceType" : "User"
  }
} 
2023-09-26 15:32:46,235 - INFO - Request 87 Response Code: 200 
2023-09-26 15:32:46,235 - INFO - Request 88 Response: {
  "schemas" : [ "urn:scim:schemas:core:2.0:User" ],
  "id" : "44c6c6e915224010a752acbbe2f6257d",
  "userName" : "idcsusersept88",
  "name" : {
    "familyName" : "IDCSUSERSEPT88",
    "givenName" : "IDCSUSERSEPT88"
  },
  "emails" : [ {
    "value" : "IDCSUSERSEPT88@oracle.com",
    "type" : "work"
  } ],
  "active" : true,
  "meta" : {
    "created" : "2023-09-26T10:02:03Z",
    "lastModified" : "2023-09-26T10:02:03Z",
    "location" : "https://migtenantqa1-hs-sso-stg.iams.hs.ocs.oraclecloud.com:443/scimgateway/v1/migtenantqa1/Users/44c6c6e915224010a752acbbe2f6257d",
    "resourceType" : "User"
  }
} 
2023-09-26 15:32:46,235 - INFO - Request 88 Response Code: 200 
2023-09-26 15:32:46,235 - INFO - Request 89 Response: {
  "schemas" : [ "urn:scim:schemas:core:2.0:User" ],
  "id" : "a50f48ac3d9545dd9586e8074b4af7ef",
  "userName" : "idcsusersept89",
  "name" : {
    "familyName" : "IDCSUSERSEPT89",
    "givenName" : "IDCSUSERSEPT89"
  },
  "emails" : [ {
    "value" : "IDCSUSERSEPT89@oracle.com",
    "type" : "work"
  } ],
  "active" : true,
  "meta" : {
    "created" : "2023-09-26T10:02:08Z",
    "lastModified" : "2023-09-26T10:02:08Z",
    "location" : "https://migtenantqa1-hs-sso-stg.iams.hs.ocs.oraclecloud.com:443/scimgateway/v1/migtenantqa1/Users/a50f48ac3d9545dd9586e8074b4af7ef",
    "resourceType" : "User"
  }
} 
2023-09-26 15:32:46,235 - INFO - Request 89 Response Code: 200 
2023-09-26 15:32:46,235 - INFO - Request 90 Response: {
  "schemas" : [ "urn:scim:schemas:core:2.0:User" ],
  "id" : "1f19082f7e1240f583af44980042f1b9",
  "userName" : "idcsusersept90",
  "name" : {
    "familyName" : "IDCSUSERSEPT90",
    "givenName" : "IDCSUSERSEPT90"
  },
  "emails" : [ {
    "value" : "IDCSUSERSEPT90@oracle.com",
    "type" : "work"
  } ],
  "active" : true,
  "meta" : {
    "created" : "2023-09-26T10:02:25Z",
    "lastModified" : "2023-09-26T10:02:25Z",
    "location" : "https://migtenantqa1-hs-sso-stg.iams.hs.ocs.oraclecloud.com:443/scimgateway/v1/migtenantqa1/Users/1f19082f7e1240f583af44980042f1b9",
    "resourceType" : "User"
  }
} 
2023-09-26 15:32:46,235 - INFO - Request 90 Response Code: 200 
2023-09-26 15:32:46,235 - INFO - Request 91 Response: {
  "schemas" : [ "urn:scim:schemas:core:2.0:User" ],
  "id" : "2855184d924d480893e676fdcbb09ffb",
  "userName" : "idcsusersept91",
  "name" : {
    "familyName" : "IDCSUSERSEPT91",
    "givenName" : "IDCSUSERSEPT91"
  },
  "emails" : [ {
    "value" : "IDCSUSERSEPT91@oracle.com",
    "type" : "work"
  } ],
  "active" : true,
  "meta" : {
    "created" : "2023-09-26T10:02:14Z",
    "lastModified" : "2023-09-26T10:02:14Z",
    "location" : "https://migtenantqa1-hs-sso-stg.iams.hs.ocs.oraclecloud.com:443/scimgateway/v1/migtenantqa1/Users/2855184d924d480893e676fdcbb09ffb",
    "resourceType" : "User"
  }
} 
2023-09-26 15:32:46,235 - INFO - Request 91 Response Code: 200 
2023-09-26 15:32:46,235 - INFO - Request 92 Response: {
  "schemas" : [ "urn:scim:schemas:core:2.0:User" ],
  "id" : "98a1716eaa5645e3b5cdc6cdc741d409",
  "userName" : "idcsusersept92",
  "name" : {
    "familyName" : "IDCSUSERSEPT92",
    "givenName" : "IDCSUSERSEPT92"
  },
  "emails" : [ {
    "value" : "IDCSUSERSEPT92@oracle.com",
    "type" : "work"
  } ],
  "active" : true,
  "meta" : {
    "created" : "2023-09-26T10:02:22Z",
    "lastModified" : "2023-09-26T10:02:22Z",
    "location" : "https://migtenantqa1-hs-sso-stg.iams.hs.ocs.oraclecloud.com:443/scimgateway/v1/migtenantqa1/Users/98a1716eaa5645e3b5cdc6cdc741d409",
    "resourceType" : "User"
  }
} 
2023-09-26 15:32:46,235 - INFO - Request 92 Response Code: 200 
2023-09-26 15:32:46,235 - INFO - Request 93 Response: {
  "schemas" : [ "urn:scim:schemas:core:2.0:User" ],
  "id" : "402e62f1e7e4460cb06ae3af6b0a5d25",
  "userName" : "idcsusersept93",
  "name" : {
    "familyName" : "IDCSUSERSEPT93",
    "givenName" : "IDCSUSERSEPT93"
  },
  "emails" : [ {
    "value" : "IDCSUSERSEPT93@oracle.com",
    "type" : "work"
  } ],
  "active" : true,
  "meta" : {
    "created" : "2023-09-26T10:02:37Z",
    "lastModified" : "2023-09-26T10:02:37Z",
    "location" : "https://migtenantqa1-hs-sso-stg.iams.hs.ocs.oraclecloud.com:443/scimgateway/v1/migtenantqa1/Users/402e62f1e7e4460cb06ae3af6b0a5d25",
    "resourceType" : "User"
  }
} 
2023-09-26 15:32:46,235 - INFO - Request 93 Response Code: 200 
2023-09-26 15:32:46,235 - INFO - Request 94 Response: {
  "schemas" : [ "urn:scim:schemas:core:2.0:User" ],
  "id" : "f00856d245d243288366731d442bf509",
  "userName" : "idcsusersept94",
  "name" : {
    "familyName" : "IDCSUSERSEPT94",
    "givenName" : "IDCSUSERSEPT94"
  },
  "emails" : [ {
    "value" : "IDCSUSERSEPT94@oracle.com",
    "type" : "work"
  } ],
  "active" : true,
  "meta" : {
    "created" : "2023-09-26T10:02:33Z",
    "lastModified" : "2023-09-26T10:02:33Z",
    "location" : "https://migtenantqa1-hs-sso-stg.iams.hs.ocs.oraclecloud.com:443/scimgateway/v1/migtenantqa1/Users/f00856d245d243288366731d442bf509",
    "resourceType" : "User"
  }
} 
2023-09-26 15:32:46,235 - INFO - Request 94 Response Code: 200 
2023-09-26 15:32:46,235 - INFO - Request 95 Response: {
  "schemas" : [ "urn:scim:schemas:core:2.0:User" ],
  "id" : "0173b65f60d347eda962cb506b59702c",
  "userName" : "idcsusersept95",
  "name" : {
    "familyName" : "IDCSUSERSEPT95",
    "givenName" : "IDCSUSERSEPT95"
  },
  "emails" : [ {
    "value" : "IDCSUSERSEPT95@oracle.com",
    "type" : "work"
  } ],
  "active" : true,
  "meta" : {
    "created" : "2023-09-26T10:02:38Z",
    "lastModified" : "2023-09-26T10:02:38Z",
    "location" : "https://migtenantqa1-hs-sso-stg.iams.hs.ocs.oraclecloud.com:443/scimgateway/v1/migtenantqa1/Users/0173b65f60d347eda962cb506b59702c",
    "resourceType" : "User"
  }
} 
2023-09-26 15:32:46,235 - INFO - Request 95 Response Code: 200 
2023-09-26 15:32:46,235 - INFO - Request 96 Response: {
  "schemas" : [ "urn:scim:schemas:core:2.0:User" ],
  "id" : "6c95d5f0d22e44cfae0885f934c43985",
  "userName" : "idcsusersept96",
  "name" : {
    "familyName" : "IDCSUSERSEPT96",
    "givenName" : "IDCSUSERSEPT96"
  },
  "emails" : [ {
    "value" : "IDCSUSERSEPT96@oracle.com",
    "type" : "work"
  } ],
  "active" : true,
  "meta" : {
    "created" : "2023-09-26T10:02:26Z",
    "lastModified" : "2023-09-26T10:02:26Z",
    "location" : "https://migtenantqa1-hs-sso-stg.iams.hs.ocs.oraclecloud.com:443/scimgateway/v1/migtenantqa1/Users/6c95d5f0d22e44cfae0885f934c43985",
    "resourceType" : "User"
  }
} 
2023-09-26 15:32:46,235 - INFO - Request 96 Response Code: 200 
2023-09-26 15:32:46,235 - INFO - Request 97 Response: {
  "schemas" : [ "urn:scim:schemas:core:2.0:User" ],
  "id" : "efda909bbb884804bbb9280a6b4decd1",
  "userName" : "idcsusersept97",
  "name" : {
    "familyName" : "IDCSUSERSEPT97",
    "givenName" : "IDCSUSERSEPT97"
  },
  "emails" : [ {
    "value" : "IDCSUSERSEPT97@oracle.com",
    "type" : "work"
  } ],
  "active" : true,
  "meta" : {
    "created" : "2023-09-26T10:02:26Z",
    "lastModified" : "2023-09-26T10:02:26Z",
    "location" : "https://migtenantqa1-hs-sso-stg.iams.hs.ocs.oraclecloud.com:443/scimgateway/v1/migtenantqa1/Users/efda909bbb884804bbb9280a6b4decd1",
    "resourceType" : "User"
  }
} 
2023-09-26 15:32:46,235 - INFO - Request 97 Response Code: 200 
2023-09-26 15:32:46,235 - INFO - Request 98 Response: {
  "schemas" : [ "urn:scim:schemas:core:2.0:User" ],
  "id" : "f1eb5c94f2ce45b9b3010f074fe11e1e",
  "userName" : "idcsusersept98",
  "name" : {
    "familyName" : "IDCSUSERSEPT98",
    "givenName" : "IDCSUSERSEPT98"
  },
  "emails" : [ {
    "value" : "IDCSUSERSEPT98@oracle.com",
    "type" : "work"
  } ],
  "active" : true,
  "meta" : {
    "created" : "2023-09-26T10:02:39Z",
    "lastModified" : "2023-09-26T10:02:39Z",
    "location" : "https://migtenantqa1-hs-sso-stg.iams.hs.ocs.oraclecloud.com:443/scimgateway/v1/migtenantqa1/Users/f1eb5c94f2ce45b9b3010f074fe11e1e",
    "resourceType" : "User"
  }
} 
2023-09-26 15:32:46,236 - INFO - Request 98 Response Code: 200 
2023-09-26 15:32:46,236 - INFO - Request 99 Response: {
  "schemas" : [ "urn:scim:schemas:core:2.0:User" ],
  "id" : "44dcf153068c4d22b8a4d577267ae485",
  "userName" : "idcsusersept99",
  "name" : {
    "familyName" : "IDCSUSERSEPT99",
    "givenName" : "IDCSUSERSEPT99"
  },
  "emails" : [ {
    "value" : "IDCSUSERSEPT99@oracle.com",
    "type" : "work"
  } ],
  "active" : true,
  "meta" : {
    "created" : "2023-09-26T10:02:30Z",
    "lastModified" : "2023-09-26T10:02:30Z",
    "location" : "https://migtenantqa1-hs-sso-stg.iams.hs.ocs.oraclecloud.com:443/scimgateway/v1/migtenantqa1/Users/44dcf153068c4d22b8a4d577267ae485",
    "resourceType" : "User"
  }
} 
2023-09-26 15:32:46,236 - INFO - Request 99 Response Code: 200 
2023-09-26 15:32:46,236 - INFO - Request 100 Response: {
  "schemas" : [ "urn:scim:schemas:core:2.0:User" ],
  "id" : "a42544b205da4959aca366af2d317e8d",
  "userName" : "idcsusersept100",
  "name" : {
    "familyName" : "IDCSUSERSEPT100",
    "givenName" : "IDCSUSERSEPT100"
  },
  "emails" : [ {
    "value" : "IDCSUSERSEPT100@oracle.com",
    "type" : "work"
  } ],
  "active" : true,
  "meta" : {
    "created" : "2023-09-26T10:02:43Z",
    "lastModified" : "2023-09-26T10:02:43Z",
    "location" : "https://migtenantqa1-hs-sso-stg.iams.hs.ocs.oraclecloud.com:443/scimgateway/v1/migtenantqa1/Users/a42544b205da4959aca366af2d317e8d",
    "resourceType" : "User"
  }
} 
2023-09-26 15:32:46,236 - INFO - Request 100 Response Code: 200 
